
*** Running vivado
    with args -log ultra96v2_0_axi_bram_ctrl_0_0.vds -m64 -product Vivado -mode batch -messageDb vivado.pb -notrace -source ultra96v2_0_axi_bram_ctrl_0_0.tcl


****** Vivado v2019.2 (64-bit)
  **** SW Build 2708876 on Wed Nov  6 21:39:14 MST 2019
  **** IP Build 2700528 on Thu Nov  7 00:09:20 MST 2019
    ** Copyright 1986-2019 Xilinx, Inc. All Rights Reserved.

source ultra96v2_0_axi_bram_ctrl_0_0.tcl -notrace
Command: synth_design -top ultra96v2_0_axi_bram_ctrl_0_0 -part xczu3eg-sbva484-1-e -mode out_of_context
Starting synth_design
Attempting to get a license for feature 'Synthesis' and/or device 'xczu3eg'
INFO: [Common 17-349] Got license for feature 'Synthesis' and/or device 'xczu3eg'
INFO: [Device 21-403] Loading part xczu3eg-sbva484-1-e
INFO: Launching helper process for spawning children vivado processes
INFO: Helper process launched with PID 16023 
---------------------------------------------------------------------------------
Starting RTL Elaboration : Time (s): cpu = 00:00:03 ; elapsed = 00:00:04 . Memory (MB): peak = 2414.168 ; gain = 0.000 ; free physical = 24729 ; free virtual = 29093
---------------------------------------------------------------------------------
INFO: [Synth 8-638] synthesizing module 'ultra96v2_0_axi_bram_ctrl_0_0' [/home/parallels/ultra96v2_0/ultra96v2_0.srcs/sources_1/bd/ultra96v2_0/ip/ultra96v2_0_axi_bram_ctrl_0_0/synth/ultra96v2_0_axi_bram_ctrl_0_0.vhd:104]
	Parameter C_BRAM_INST_MODE bound to: EXTERNAL - type: string 
	Parameter C_MEMORY_DEPTH bound to: 2048 - type: integer 
	Parameter C_BRAM_ADDR_WIDTH bound to: 11 - type: integer 
	Parameter C_S_AXI_ADDR_WIDTH bound to: 13 - type: integer 
	Parameter C_S_AXI_DATA_WIDTH bound to: 32 - type: integer 
	Parameter C_S_AXI_ID_WIDTH bound to: 1 - type: integer 
	Parameter C_S_AXI_PROTOCOL bound to: AXI4 - type: string 
	Parameter C_S_AXI_SUPPORTS_NARROW_BURST bound to: 1 - type: integer 
	Parameter C_SINGLE_PORT_BRAM bound to: 1 - type: integer 
	Parameter C_FAMILY bound to: zynquplus - type: string 
	Parameter C_READ_LATENCY bound to: 1 - type: integer 
	Parameter C_RD_CMD_OPTIMIZATION bound to: 0 - type: integer 
	Parameter C_S_AXI_CTRL_ADDR_WIDTH bound to: 32 - type: integer 
	Parameter C_S_AXI_CTRL_DATA_WIDTH bound to: 32 - type: integer 
	Parameter C_ECC bound to: 0 - type: integer 
	Parameter C_ECC_TYPE bound to: 0 - type: integer 
	Parameter C_FAULT_INJECT bound to: 0 - type: integer 
	Parameter C_ECC_ONOFF_RESET_VALUE bound to: 0 - type: integer 
INFO: [Synth 8-3491] module 'axi_bram_ctrl' declared at '/home/parallels/ultra96v2_0/ultra96v2_0.srcs/sources_1/bd/ultra96v2_0/ipshared/a002/hdl/axi_bram_ctrl_v4_1_rfs.vhd:31357' bound to instance 'U0' of component 'axi_bram_ctrl' [/home/parallels/ultra96v2_0/ultra96v2_0.srcs/sources_1/bd/ultra96v2_0/ip/ultra96v2_0_axi_bram_ctrl_0_0/synth/ultra96v2_0_axi_bram_ctrl_0_0.vhd:255]
INFO: [Synth 8-638] synthesizing module 'axi_bram_ctrl' [/home/parallels/ultra96v2_0/ultra96v2_0.srcs/sources_1/bd/ultra96v2_0/ipshared/a002/hdl/axi_bram_ctrl_v4_1_rfs.vhd:31528]
	Parameter C_BRAM_INST_MODE bound to: EXTERNAL - type: string 
	Parameter C_MEMORY_DEPTH bound to: 2048 - type: integer 
	Parameter C_BRAM_ADDR_WIDTH bound to: 11 - type: integer 
	Parameter C_S_AXI_ADDR_WIDTH bound to: 13 - type: integer 
	Parameter C_S_AXI_DATA_WIDTH bound to: 32 - type: integer 
	Parameter C_S_AXI_ID_WIDTH bound to: 1 - type: integer 
	Parameter C_S_AXI_PROTOCOL bound to: AXI4 - type: string 
	Parameter C_S_AXI_SUPPORTS_NARROW_BURST bound to: 1 - type: integer 
	Parameter C_SINGLE_PORT_BRAM bound to: 1 - type: integer 
	Parameter C_FAMILY bound to: zynquplus - type: string 
	Parameter C_READ_LATENCY bound to: 1 - type: integer 
	Parameter C_RD_CMD_OPTIMIZATION bound to: 0 - type: integer 
	Parameter C_S_AXI_CTRL_ADDR_WIDTH bound to: 32 - type: integer 
	Parameter C_S_AXI_CTRL_DATA_WIDTH bound to: 32 - type: integer 
	Parameter C_ECC bound to: 0 - type: integer 
	Parameter C_ECC_TYPE bound to: 0 - type: integer 
	Parameter C_FAULT_INJECT bound to: 0 - type: integer 
	Parameter C_ECC_ONOFF_RESET_VALUE bound to: 0 - type: integer 
INFO: [Synth 8-638] synthesizing module 'axi_bram_ctrl_top' [/home/parallels/ultra96v2_0/ultra96v2_0.srcs/sources_1/bd/ultra96v2_0/ipshared/a002/hdl/axi_bram_ctrl_v4_1_rfs.vhd:30527]
	Parameter C_BRAM_ADDR_WIDTH bound to: 11 - type: integer 
	Parameter C_S_AXI_ADDR_WIDTH bound to: 13 - type: integer 
	Parameter C_S_AXI_DATA_WIDTH bound to: 32 - type: integer 
	Parameter C_S_AXI_ID_WIDTH bound to: 1 - type: integer 
	Parameter C_S_AXI_PROTOCOL bound to: AXI4 - type: string 
	Parameter C_S_AXI_SUPPORTS_NARROW_BURST bound to: 1 - type: integer 
	Parameter C_SINGLE_PORT_BRAM bound to: 1 - type: integer 
	Parameter C_FAMILY bound to: zynquplus - type: string 
	Parameter C_S_AXI_CTRL_ADDR_WIDTH bound to: 32 - type: integer 
	Parameter C_S_AXI_CTRL_DATA_WIDTH bound to: 32 - type: integer 
	Parameter C_READ_LATENCY bound to: 1 - type: integer 
	Parameter C_RD_CMD_OPTIMIZATION bound to: 0 - type: integer 
	Parameter C_ECC bound to: 0 - type: integer 
	Parameter C_ECC_TYPE bound to: 0 - type: integer 
	Parameter C_FAULT_INJECT bound to: 0 - type: integer 
	Parameter C_ECC_ONOFF_RESET_VALUE bound to: 0 - type: integer 
INFO: [Synth 8-638] synthesizing module 'full_axi' [/home/parallels/ultra96v2_0/ultra96v2_0.srcs/sources_1/bd/ultra96v2_0/ipshared/a002/hdl/axi_bram_ctrl_v4_1_rfs.vhd:29280]
	Parameter C_S_AXI_ADDR_WIDTH bound to: 13 - type: integer 
	Parameter C_S_AXI_DATA_WIDTH bound to: 32 - type: integer 
	Parameter C_S_AXI_ID_WIDTH bound to: 1 - type: integer 
	Parameter C_S_AXI_PROTOCOL bound to: AXI4 - type: string 
	Parameter C_S_AXI_SUPPORTS_NARROW_BURST bound to: 1 - type: integer 
	Parameter C_SINGLE_PORT_BRAM bound to: 1 - type: integer 
	Parameter C_READ_LATENCY bound to: 1 - type: integer 
	Parameter C_RD_CMD_OPTIMIZATION bound to: 0 - type: integer 
	Parameter C_S_AXI_CTRL_ADDR_WIDTH bound to: 32 - type: integer 
	Parameter C_S_AXI_CTRL_DATA_WIDTH bound to: 32 - type: integer 
	Parameter C_ECC bound to: 0 - type: integer 
	Parameter C_ECC_WIDTH bound to: 0 - type: integer 
	Parameter C_ECC_TYPE bound to: 0 - type: integer 
	Parameter C_FAULT_INJECT bound to: 0 - type: integer 
	Parameter C_ECC_ONOFF_RESET_VALUE bound to: 0 - type: integer 
	Parameter C_ENABLE_AXI_CTRL_REG_IF bound to: 0 - type: integer 
	Parameter C_CE_FAILING_REGISTERS bound to: 0 - type: integer 
	Parameter C_UE_FAILING_REGISTERS bound to: 0 - type: integer 
	Parameter C_ECC_STATUS_REGISTERS bound to: 0 - type: integer 
	Parameter C_ECC_ONOFF_REGISTER bound to: 0 - type: integer 
	Parameter C_CE_COUNTER_WIDTH bound to: 0 - type: integer 
WARNING: [Synth 8-6774] Null subtype or type declaration found [/home/parallels/ultra96v2_0/ultra96v2_0.srcs/sources_1/bd/ultra96v2_0/ipshared/a002/hdl/axi_bram_ctrl_v4_1_rfs.vhd:29350]
INFO: [Synth 8-3919] null assignment ignored [/home/parallels/ultra96v2_0/ultra96v2_0.srcs/sources_1/bd/ultra96v2_0/ipshared/a002/hdl/axi_bram_ctrl_v4_1_rfs.vhd:29350]
INFO: [Synth 8-638] synthesizing module 'sng_port_arb' [/home/parallels/ultra96v2_0/ultra96v2_0.srcs/sources_1/bd/ultra96v2_0/ipshared/a002/hdl/axi_bram_ctrl_v4_1_rfs.vhd:11456]
	Parameter C_S_AXI_ADDR_WIDTH bound to: 13 - type: integer 
INFO: [Synth 8-256] done synthesizing module 'sng_port_arb' (1#1) [/home/parallels/ultra96v2_0/ultra96v2_0.srcs/sources_1/bd/ultra96v2_0/ipshared/a002/hdl/axi_bram_ctrl_v4_1_rfs.vhd:11456]
INFO: [Synth 8-638] synthesizing module 'wr_chnl' [/home/parallels/ultra96v2_0/ultra96v2_0.srcs/sources_1/bd/ultra96v2_0/ipshared/a002/hdl/axi_bram_ctrl_v4_1_rfs.vhd:24159]
	Parameter C_AXI_ADDR_WIDTH bound to: 13 - type: integer 
	Parameter C_BRAM_ADDR_ADJUST_FACTOR bound to: 2 - type: integer 
	Parameter C_AXI_DATA_WIDTH bound to: 32 - type: integer 
	Parameter C_AXI_ID_WIDTH bound to: 1 - type: integer 
	Parameter C_S_AXI_SUPPORTS_NARROW bound to: 1 - type: integer 
	Parameter C_READ_LATENCY bound to: 1 - type: integer 
	Parameter C_S_AXI_PROTOCOL bound to: AXI4 - type: string 
	Parameter C_SINGLE_PORT_BRAM bound to: 1 - type: integer 
	Parameter C_ECC bound to: 0 - type: integer 
	Parameter C_ECC_WIDTH bound to: 0 - type: integer 
	Parameter C_ECC_TYPE bound to: 0 - type: integer 
INFO: [Synth 8-506] null port 'FaultInjectECC' ignored [/home/parallels/ultra96v2_0/ultra96v2_0.srcs/sources_1/bd/ultra96v2_0/ipshared/a002/hdl/axi_bram_ctrl_v4_1_rfs.vhd:24126]
INFO: [Synth 8-638] synthesizing module 'wrap_brst' [/home/parallels/ultra96v2_0/ultra96v2_0.srcs/sources_1/bd/ultra96v2_0/ipshared/a002/hdl/axi_bram_ctrl_v4_1_rfs.vhd:12455]
	Parameter C_AXI_ADDR_WIDTH bound to: 13 - type: integer 
	Parameter C_BRAM_ADDR_ADJUST_FACTOR bound to: 2 - type: integer 
	Parameter C_AXI_DATA_WIDTH bound to: 32 - type: integer 
INFO: [Synth 8-256] done synthesizing module 'wrap_brst' (2#1) [/home/parallels/ultra96v2_0/ultra96v2_0.srcs/sources_1/bd/ultra96v2_0/ipshared/a002/hdl/axi_bram_ctrl_v4_1_rfs.vhd:12455]
INFO: [Synth 8-226] default block is never used [/home/parallels/ultra96v2_0/ultra96v2_0.srcs/sources_1/bd/ultra96v2_0/ipshared/a002/hdl/axi_bram_ctrl_v4_1_rfs.vhd:25502]
INFO: [Synth 8-638] synthesizing module 'ua_narrow' [/home/parallels/ultra96v2_0/ultra96v2_0.srcs/sources_1/bd/ultra96v2_0/ipshared/a002/hdl/axi_bram_ctrl_v4_1_rfs.vhd:11989]
	Parameter C_AXI_DATA_WIDTH bound to: 32 - type: integer 
	Parameter C_BRAM_ADDR_ADJUST_FACTOR bound to: 2 - type: integer 
	Parameter C_NARROW_BURST_CNT_LEN bound to: 2 - type: integer 
INFO: [Synth 8-226] default block is never used [/home/parallels/ultra96v2_0/ultra96v2_0.srcs/sources_1/bd/ultra96v2_0/ipshared/a002/hdl/axi_bram_ctrl_v4_1_rfs.vhd:12168]
INFO: [Synth 8-226] default block is never used [/home/parallels/ultra96v2_0/ultra96v2_0.srcs/sources_1/bd/ultra96v2_0/ipshared/a002/hdl/axi_bram_ctrl_v4_1_rfs.vhd:12207]
INFO: [Synth 8-256] done synthesizing module 'ua_narrow' (3#1) [/home/parallels/ultra96v2_0/ultra96v2_0.srcs/sources_1/bd/ultra96v2_0/ipshared/a002/hdl/axi_bram_ctrl_v4_1_rfs.vhd:11989]
INFO: [Synth 8-638] synthesizing module 'SRL_FIFO' [/home/parallels/ultra96v2_0/ultra96v2_0.srcs/sources_1/bd/ultra96v2_0/ipshared/a002/hdl/axi_bram_ctrl_v4_1_rfs.vhd:133]
	Parameter C_DATA_BITS bound to: 1 - type: integer 
	Parameter C_DEPTH bound to: 8 - type: integer 
	Parameter C_XON bound to: 0 - type: bool 
INFO: [Synth 8-3491] module 'FDR' declared at '/tools/Xilinx/Vivado/2019.2/scripts/rt/data/unisim_comp.v:13695' bound to instance 'Data_Exists_DFF' of component 'FDR' [/home/parallels/ultra96v2_0/ultra96v2_0.srcs/sources_1/bd/ultra96v2_0/ipshared/a002/hdl/axi_bram_ctrl_v4_1_rfs.vhd:230]
INFO: [Synth 8-6157] synthesizing module 'FDR' [/tools/Xilinx/Vivado/2019.2/scripts/rt/data/unisim_comp.v:13695]
	Parameter INIT bound to: 1'b0 
INFO: [Synth 8-6155] done synthesizing module 'FDR' (4#1) [/tools/Xilinx/Vivado/2019.2/scripts/rt/data/unisim_comp.v:13695]
INFO: [Synth 8-3491] module 'MUXCY_L' declared at '/tools/Xilinx/Vivado/2019.2/scripts/rt/data/unisim_comp.v:42903' bound to instance 'MUXCY_L_I' of component 'MUXCY_L' [/home/parallels/ultra96v2_0/ultra96v2_0.srcs/sources_1/bd/ultra96v2_0/ipshared/a002/hdl/axi_bram_ctrl_v4_1_rfs.vhd:247]
INFO: [Synth 8-6157] synthesizing module 'MUXCY_L' [/tools/Xilinx/Vivado/2019.2/scripts/rt/data/unisim_comp.v:42903]
INFO: [Synth 8-6155] done synthesizing module 'MUXCY_L' (5#1) [/tools/Xilinx/Vivado/2019.2/scripts/rt/data/unisim_comp.v:42903]
INFO: [Synth 8-3491] module 'XORCY' declared at '/tools/Xilinx/Vivado/2019.2/scripts/rt/data/unisim_comp.v:82303' bound to instance 'XORCY_I' of component 'XORCY' [/home/parallels/ultra96v2_0/ultra96v2_0.srcs/sources_1/bd/ultra96v2_0/ipshared/a002/hdl/axi_bram_ctrl_v4_1_rfs.vhd:254]
INFO: [Synth 8-6157] synthesizing module 'XORCY' [/tools/Xilinx/Vivado/2019.2/scripts/rt/data/unisim_comp.v:82303]
INFO: [Synth 8-6155] done synthesizing module 'XORCY' (6#1) [/tools/Xilinx/Vivado/2019.2/scripts/rt/data/unisim_comp.v:82303]
INFO: [Synth 8-3491] module 'FDRE' declared at '/tools/Xilinx/Vivado/2019.2/scripts/rt/data/unisim_comp.v:13708' bound to instance 'FDRE_I' of component 'FDRE' [/home/parallels/ultra96v2_0/ultra96v2_0.srcs/sources_1/bd/ultra96v2_0/ipshared/a002/hdl/axi_bram_ctrl_v4_1_rfs.vhd:260]
INFO: [Synth 8-6157] synthesizing module 'FDRE' [/tools/Xilinx/Vivado/2019.2/scripts/rt/data/unisim_comp.v:13708]
	Parameter INIT bound to: 1'b0 
	Parameter IS_C_INVERTED bound to: 1'b0 
	Parameter IS_D_INVERTED bound to: 1'b0 
	Parameter IS_R_INVERTED bound to: 1'b0 
INFO: [Synth 8-6155] done synthesizing module 'FDRE' (7#1) [/tools/Xilinx/Vivado/2019.2/scripts/rt/data/unisim_comp.v:13708]
INFO: [Synth 8-3491] module 'MUXCY_L' declared at '/tools/Xilinx/Vivado/2019.2/scripts/rt/data/unisim_comp.v:42903' bound to instance 'MUXCY_L_I' of component 'MUXCY_L' [/home/parallels/ultra96v2_0/ultra96v2_0.srcs/sources_1/bd/ultra96v2_0/ipshared/a002/hdl/axi_bram_ctrl_v4_1_rfs.vhd:247]
INFO: [Synth 8-3491] module 'XORCY' declared at '/tools/Xilinx/Vivado/2019.2/scripts/rt/data/unisim_comp.v:82303' bound to instance 'XORCY_I' of component 'XORCY' [/home/parallels/ultra96v2_0/ultra96v2_0.srcs/sources_1/bd/ultra96v2_0/ipshared/a002/hdl/axi_bram_ctrl_v4_1_rfs.vhd:254]
INFO: [Synth 8-3491] module 'FDRE' declared at '/tools/Xilinx/Vivado/2019.2/scripts/rt/data/unisim_comp.v:13708' bound to instance 'FDRE_I' of component 'FDRE' [/home/parallels/ultra96v2_0/ultra96v2_0.srcs/sources_1/bd/ultra96v2_0/ipshared/a002/hdl/axi_bram_ctrl_v4_1_rfs.vhd:260]
INFO: [Synth 8-3491] module 'MUXCY_L' declared at '/tools/Xilinx/Vivado/2019.2/scripts/rt/data/unisim_comp.v:42903' bound to instance 'MUXCY_L_I' of component 'MUXCY_L' [/home/parallels/ultra96v2_0/ultra96v2_0.srcs/sources_1/bd/ultra96v2_0/ipshared/a002/hdl/axi_bram_ctrl_v4_1_rfs.vhd:247]
INFO: [Synth 8-3491] module 'XORCY' declared at '/tools/Xilinx/Vivado/2019.2/scripts/rt/data/unisim_comp.v:82303' bound to instance 'XORCY_I' of component 'XORCY' [/home/parallels/ultra96v2_0/ultra96v2_0.srcs/sources_1/bd/ultra96v2_0/ipshared/a002/hdl/axi_bram_ctrl_v4_1_rfs.vhd:254]
INFO: [Synth 8-3491] module 'FDRE' declared at '/tools/Xilinx/Vivado/2019.2/scripts/rt/data/unisim_comp.v:13708' bound to instance 'FDRE_I' of component 'FDRE' [/home/parallels/ultra96v2_0/ultra96v2_0.srcs/sources_1/bd/ultra96v2_0/ipshared/a002/hdl/axi_bram_ctrl_v4_1_rfs.vhd:260]
INFO: [Synth 8-3491] module 'MUXCY_L' declared at '/tools/Xilinx/Vivado/2019.2/scripts/rt/data/unisim_comp.v:42903' bound to instance 'MUXCY_L_I' of component 'MUXCY_L' [/home/parallels/ultra96v2_0/ultra96v2_0.srcs/sources_1/bd/ultra96v2_0/ipshared/a002/hdl/axi_bram_ctrl_v4_1_rfs.vhd:247]
INFO: [Synth 8-3491] module 'XORCY' declared at '/tools/Xilinx/Vivado/2019.2/scripts/rt/data/unisim_comp.v:82303' bound to instance 'XORCY_I' of component 'XORCY' [/home/parallels/ultra96v2_0/ultra96v2_0.srcs/sources_1/bd/ultra96v2_0/ipshared/a002/hdl/axi_bram_ctrl_v4_1_rfs.vhd:254]
INFO: [Synth 8-3491] module 'FDRE' declared at '/tools/Xilinx/Vivado/2019.2/scripts/rt/data/unisim_comp.v:13708' bound to instance 'FDRE_I' of component 'FDRE' [/home/parallels/ultra96v2_0/ultra96v2_0.srcs/sources_1/bd/ultra96v2_0/ipshared/a002/hdl/axi_bram_ctrl_v4_1_rfs.vhd:260]
INFO: [Synth 8-3491] module 'SRL16E' declared at '/tools/Xilinx/Vivado/2019.2/scripts/rt/data/unisim_comp.v:77965' bound to instance 'SRL16E_I' of component 'SRL16E' [/home/parallels/ultra96v2_0/ultra96v2_0.srcs/sources_1/bd/ultra96v2_0/ipshared/a002/hdl/axi_bram_ctrl_v4_1_rfs.vhd:271]
INFO: [Synth 8-6157] synthesizing module 'SRL16E' [/tools/Xilinx/Vivado/2019.2/scripts/rt/data/unisim_comp.v:77965]
	Parameter INIT bound to: 16'b0000000000000000 
	Parameter IS_CLK_INVERTED bound to: 1'b0 
INFO: [Synth 8-6155] done synthesizing module 'SRL16E' (8#1) [/tools/Xilinx/Vivado/2019.2/scripts/rt/data/unisim_comp.v:77965]
INFO: [Synth 8-256] done synthesizing module 'SRL_FIFO' (9#1) [/home/parallels/ultra96v2_0/ultra96v2_0.srcs/sources_1/bd/ultra96v2_0/ipshared/a002/hdl/axi_bram_ctrl_v4_1_rfs.vhd:133]
WARNING: [Synth 8-6014] Unused sequential element curr_awsize_reg_reg was removed.  [/home/parallels/ultra96v2_0/ultra96v2_0.srcs/sources_1/bd/ultra96v2_0/ipshared/a002/hdl/axi_bram_ctrl_v4_1_rfs.vhd:25318]
WARNING: [Synth 8-6014] Unused sequential element curr_awlen_reg_1_or_2_reg was removed.  [/home/parallels/ultra96v2_0/ultra96v2_0.srcs/sources_1/bd/ultra96v2_0/ipshared/a002/hdl/axi_bram_ctrl_v4_1_rfs.vhd:25596]
INFO: [Synth 8-256] done synthesizing module 'wr_chnl' (10#1) [/home/parallels/ultra96v2_0/ultra96v2_0.srcs/sources_1/bd/ultra96v2_0/ipshared/a002/hdl/axi_bram_ctrl_v4_1_rfs.vhd:24159]
WARNING: [Synth 8-6778] Component port with null array found, Will be ignored [/home/parallels/ultra96v2_0/ultra96v2_0.srcs/sources_1/bd/ultra96v2_0/ipshared/a002/hdl/axi_bram_ctrl_v4_1_rfs.vhd:30020]
INFO: [Synth 8-638] synthesizing module 'rd_chnl' [/home/parallels/ultra96v2_0/ultra96v2_0.srcs/sources_1/bd/ultra96v2_0/ipshared/a002/hdl/axi_bram_ctrl_v4_1_rfs.vhd:14746]
	Parameter C_AXI_ADDR_WIDTH bound to: 13 - type: integer 
	Parameter C_BRAM_ADDR_ADJUST_FACTOR bound to: 2 - type: integer 
	Parameter C_AXI_DATA_WIDTH bound to: 32 - type: integer 
	Parameter C_AXI_ID_WIDTH bound to: 1 - type: integer 
	Parameter C_S_AXI_SUPPORTS_NARROW bound to: 1 - type: integer 
	Parameter C_READ_LATENCY bound to: 1 - type: integer 
	Parameter C_RD_CMD_OPTIMIZATION bound to: 0 - type: integer 
	Parameter C_S_AXI_PROTOCOL bound to: AXI4 - type: string 
	Parameter C_SINGLE_PORT_BRAM bound to: 1 - type: integer 
	Parameter C_ECC bound to: 0 - type: integer 
	Parameter C_ECC_WIDTH bound to: 0 - type: integer 
	Parameter C_ECC_TYPE bound to: 0 - type: integer 
INFO: [Synth 8-5534] Detected attribute (* ram_style = "block" *) [/home/parallels/ultra96v2_0/ultra96v2_0.srcs/sources_1/bd/ultra96v2_0/ipshared/a002/hdl/axi_bram_ctrl_v4_1_rfs.vhd:15207]
INFO: [Synth 8-226] default block is never used [/home/parallels/ultra96v2_0/ultra96v2_0.srcs/sources_1/bd/ultra96v2_0/ipshared/a002/hdl/axi_bram_ctrl_v4_1_rfs.vhd:16131]
WARNING: [Synth 8-6014] Unused sequential element GEN_NO_RD_CMD_OPT.curr_arsize_reg_reg was removed.  [/home/parallels/ultra96v2_0/ultra96v2_0.srcs/sources_1/bd/ultra96v2_0/ipshared/a002/hdl/axi_bram_ctrl_v4_1_rfs.vhd:15998]
WARNING: [Synth 8-6014] Unused sequential element GEN_NO_RD_CMD_OPT.no_ar_ack_reg was removed.  [/home/parallels/ultra96v2_0/ultra96v2_0.srcs/sources_1/bd/ultra96v2_0/ipshared/a002/hdl/axi_bram_ctrl_v4_1_rfs.vhd:19903]
WARNING: [Synth 8-6014] Unused sequential element GEN_NO_RD_CMD_OPT.do_cmplt_burst_reg was removed.  [/home/parallels/ultra96v2_0/ultra96v2_0.srcs/sources_1/bd/ultra96v2_0/ipshared/a002/hdl/axi_bram_ctrl_v4_1_rfs.vhd:21244]
WARNING: [Synth 8-6014] Unused sequential element GEN_NO_RD_CMD_OPT.axi_arsize_pipe_max_reg was removed.  [/home/parallels/ultra96v2_0/ultra96v2_0.srcs/sources_1/bd/ultra96v2_0/ipshared/a002/hdl/axi_bram_ctrl_v4_1_rfs.vhd:15506]
INFO: [Synth 8-256] done synthesizing module 'rd_chnl' (11#1) [/home/parallels/ultra96v2_0/ultra96v2_0.srcs/sources_1/bd/ultra96v2_0/ipshared/a002/hdl/axi_bram_ctrl_v4_1_rfs.vhd:14746]
INFO: [Synth 8-256] done synthesizing module 'full_axi' (12#1) [/home/parallels/ultra96v2_0/ultra96v2_0.srcs/sources_1/bd/ultra96v2_0/ipshared/a002/hdl/axi_bram_ctrl_v4_1_rfs.vhd:29280]
INFO: [Synth 8-256] done synthesizing module 'axi_bram_ctrl_top' (13#1) [/home/parallels/ultra96v2_0/ultra96v2_0.srcs/sources_1/bd/ultra96v2_0/ipshared/a002/hdl/axi_bram_ctrl_v4_1_rfs.vhd:30527]
INFO: [Synth 8-256] done synthesizing module 'axi_bram_ctrl' (14#1) [/home/parallels/ultra96v2_0/ultra96v2_0.srcs/sources_1/bd/ultra96v2_0/ipshared/a002/hdl/axi_bram_ctrl_v4_1_rfs.vhd:31528]
INFO: [Synth 8-256] done synthesizing module 'ultra96v2_0_axi_bram_ctrl_0_0' (15#1) [/home/parallels/ultra96v2_0/ultra96v2_0.srcs/sources_1/bd/ultra96v2_0/ip/ultra96v2_0_axi_bram_ctrl_0_0/synth/ultra96v2_0_axi_bram_ctrl_0_0.vhd:104]
WARNING: [Synth 8-3331] design wrap_brst has unconnected port curr_axlen[7]
WARNING: [Synth 8-3331] design wrap_brst has unconnected port curr_axlen[6]
WARNING: [Synth 8-3331] design wrap_brst has unconnected port curr_axlen[5]
WARNING: [Synth 8-3331] design wrap_brst has unconnected port curr_axlen[4]
WARNING: [Synth 8-3331] design wrap_brst has unconnected port bram_addr_ld[2]
WARNING: [Synth 8-3331] design wrap_brst has unconnected port bram_addr_int[12]
WARNING: [Synth 8-3331] design wrap_brst has unconnected port bram_addr_int[11]
WARNING: [Synth 8-3331] design wrap_brst has unconnected port bram_addr_int[10]
WARNING: [Synth 8-3331] design wrap_brst has unconnected port bram_addr_int[9]
WARNING: [Synth 8-3331] design wrap_brst has unconnected port bram_addr_int[8]
WARNING: [Synth 8-3331] design wrap_brst has unconnected port bram_addr_int[7]
WARNING: [Synth 8-3331] design wrap_brst has unconnected port bram_addr_int[6]
WARNING: [Synth 8-3331] design rd_chnl has unconnected port AXI_ARLOCK
WARNING: [Synth 8-3331] design rd_chnl has unconnected port AXI_ARCACHE[3]
WARNING: [Synth 8-3331] design rd_chnl has unconnected port AXI_ARCACHE[2]
WARNING: [Synth 8-3331] design rd_chnl has unconnected port AXI_ARCACHE[1]
WARNING: [Synth 8-3331] design rd_chnl has unconnected port AXI_ARCACHE[0]
WARNING: [Synth 8-3331] design rd_chnl has unconnected port AXI_ARPROT[2]
WARNING: [Synth 8-3331] design rd_chnl has unconnected port AXI_ARPROT[1]
WARNING: [Synth 8-3331] design rd_chnl has unconnected port AXI_ARPROT[0]
WARNING: [Synth 8-3331] design rd_chnl has unconnected port AXI_ARVALID
WARNING: [Synth 8-3331] design rd_chnl has unconnected port Enable_ECC
WARNING: [Synth 8-3331] design rd_chnl has unconnected port Sng_arb_Arready
WARNING: [Synth 8-3331] design wr_chnl has unconnected port AXI_AWLOCK
WARNING: [Synth 8-3331] design wr_chnl has unconnected port AXI_AWCACHE[3]
WARNING: [Synth 8-3331] design wr_chnl has unconnected port AXI_AWCACHE[2]
WARNING: [Synth 8-3331] design wr_chnl has unconnected port AXI_AWCACHE[1]
WARNING: [Synth 8-3331] design wr_chnl has unconnected port AXI_AWCACHE[0]
WARNING: [Synth 8-3331] design wr_chnl has unconnected port AXI_AWPROT[2]
WARNING: [Synth 8-3331] design wr_chnl has unconnected port AXI_AWPROT[1]
WARNING: [Synth 8-3331] design wr_chnl has unconnected port AXI_AWPROT[0]
WARNING: [Synth 8-3331] design wr_chnl has unconnected port Enable_ECC
WARNING: [Synth 8-3331] design wr_chnl has unconnected port FaultInjectData[31]
WARNING: [Synth 8-3331] design wr_chnl has unconnected port FaultInjectData[30]
WARNING: [Synth 8-3331] design wr_chnl has unconnected port FaultInjectData[29]
WARNING: [Synth 8-3331] design wr_chnl has unconnected port FaultInjectData[28]
WARNING: [Synth 8-3331] design wr_chnl has unconnected port FaultInjectData[27]
WARNING: [Synth 8-3331] design wr_chnl has unconnected port FaultInjectData[26]
WARNING: [Synth 8-3331] design wr_chnl has unconnected port FaultInjectData[25]
WARNING: [Synth 8-3331] design wr_chnl has unconnected port FaultInjectData[24]
WARNING: [Synth 8-3331] design wr_chnl has unconnected port FaultInjectData[23]
WARNING: [Synth 8-3331] design wr_chnl has unconnected port FaultInjectData[22]
WARNING: [Synth 8-3331] design wr_chnl has unconnected port FaultInjectData[21]
WARNING: [Synth 8-3331] design wr_chnl has unconnected port FaultInjectData[20]
WARNING: [Synth 8-3331] design wr_chnl has unconnected port FaultInjectData[19]
WARNING: [Synth 8-3331] design wr_chnl has unconnected port FaultInjectData[18]
WARNING: [Synth 8-3331] design wr_chnl has unconnected port FaultInjectData[17]
WARNING: [Synth 8-3331] design wr_chnl has unconnected port FaultInjectData[16]
WARNING: [Synth 8-3331] design wr_chnl has unconnected port FaultInjectData[15]
WARNING: [Synth 8-3331] design wr_chnl has unconnected port FaultInjectData[14]
WARNING: [Synth 8-3331] design wr_chnl has unconnected port FaultInjectData[13]
WARNING: [Synth 8-3331] design wr_chnl has unconnected port FaultInjectData[12]
WARNING: [Synth 8-3331] design wr_chnl has unconnected port FaultInjectData[11]
WARNING: [Synth 8-3331] design wr_chnl has unconnected port FaultInjectData[10]
WARNING: [Synth 8-3331] design wr_chnl has unconnected port FaultInjectData[9]
WARNING: [Synth 8-3331] design wr_chnl has unconnected port FaultInjectData[8]
WARNING: [Synth 8-3331] design wr_chnl has unconnected port FaultInjectData[7]
WARNING: [Synth 8-3331] design wr_chnl has unconnected port FaultInjectData[6]
WARNING: [Synth 8-3331] design wr_chnl has unconnected port FaultInjectData[5]
WARNING: [Synth 8-3331] design wr_chnl has unconnected port FaultInjectData[4]
WARNING: [Synth 8-3331] design wr_chnl has unconnected port FaultInjectData[3]
WARNING: [Synth 8-3331] design wr_chnl has unconnected port FaultInjectData[2]
WARNING: [Synth 8-3331] design wr_chnl has unconnected port FaultInjectData[1]
WARNING: [Synth 8-3331] design wr_chnl has unconnected port FaultInjectData[0]
WARNING: [Synth 8-3331] design wr_chnl has unconnected port BRAM_RdData[31]
WARNING: [Synth 8-3331] design wr_chnl has unconnected port BRAM_RdData[30]
WARNING: [Synth 8-3331] design wr_chnl has unconnected port BRAM_RdData[29]
WARNING: [Synth 8-3331] design wr_chnl has unconnected port BRAM_RdData[28]
WARNING: [Synth 8-3331] design wr_chnl has unconnected port BRAM_RdData[27]
WARNING: [Synth 8-3331] design wr_chnl has unconnected port BRAM_RdData[26]
WARNING: [Synth 8-3331] design wr_chnl has unconnected port BRAM_RdData[25]
WARNING: [Synth 8-3331] design wr_chnl has unconnected port BRAM_RdData[24]
WARNING: [Synth 8-3331] design wr_chnl has unconnected port BRAM_RdData[23]
WARNING: [Synth 8-3331] design wr_chnl has unconnected port BRAM_RdData[22]
WARNING: [Synth 8-3331] design wr_chnl has unconnected port BRAM_RdData[21]
WARNING: [Synth 8-3331] design wr_chnl has unconnected port BRAM_RdData[20]
WARNING: [Synth 8-3331] design wr_chnl has unconnected port BRAM_RdData[19]
WARNING: [Synth 8-3331] design wr_chnl has unconnected port BRAM_RdData[18]
WARNING: [Synth 8-3331] design wr_chnl has unconnected port BRAM_RdData[17]
WARNING: [Synth 8-3331] design wr_chnl has unconnected port BRAM_RdData[16]
WARNING: [Synth 8-3331] design wr_chnl has unconnected port BRAM_RdData[15]
WARNING: [Synth 8-3331] design wr_chnl has unconnected port BRAM_RdData[14]
WARNING: [Synth 8-3331] design wr_chnl has unconnected port BRAM_RdData[13]
WARNING: [Synth 8-3331] design wr_chnl has unconnected port BRAM_RdData[12]
WARNING: [Synth 8-3331] design wr_chnl has unconnected port BRAM_RdData[11]
WARNING: [Synth 8-3331] design wr_chnl has unconnected port BRAM_RdData[10]
WARNING: [Synth 8-3331] design wr_chnl has unconnected port BRAM_RdData[9]
WARNING: [Synth 8-3331] design wr_chnl has unconnected port BRAM_RdData[8]
WARNING: [Synth 8-3331] design wr_chnl has unconnected port BRAM_RdData[7]
WARNING: [Synth 8-3331] design wr_chnl has unconnected port BRAM_RdData[6]
WARNING: [Synth 8-3331] design wr_chnl has unconnected port BRAM_RdData[5]
WARNING: [Synth 8-3331] design wr_chnl has unconnected port BRAM_RdData[4]
WARNING: [Synth 8-3331] design wr_chnl has unconnected port BRAM_RdData[3]
WARNING: [Synth 8-3331] design wr_chnl has unconnected port BRAM_RdData[2]
WARNING: [Synth 8-3331] design wr_chnl has unconnected port BRAM_RdData[1]
WARNING: [Synth 8-3331] design wr_chnl has unconnected port BRAM_RdData[0]
WARNING: [Synth 8-3331] design sng_port_arb has unconnected port AXI_AWADDR[12]
WARNING: [Synth 8-3331] design sng_port_arb has unconnected port AXI_AWADDR[11]
WARNING: [Synth 8-3331] design sng_port_arb has unconnected port AXI_AWADDR[10]
WARNING: [Synth 8-3331] design sng_port_arb has unconnected port AXI_AWADDR[9]
INFO: [Common 17-14] Message 'Synth 8-3331' appears 100 times and further instances of the messages will be disabled. Use the Tcl command set_msg_config to change the current settings.
---------------------------------------------------------------------------------
Finished RTL Elaboration : Time (s): cpu = 00:00:04 ; elapsed = 00:00:06 . Memory (MB): peak = 2472.977 ; gain = 58.809 ; free physical = 24720 ; free virtual = 29101
---------------------------------------------------------------------------------

Report Check Netlist: 
+------+------------------+-------+---------+-------+------------------+
|      |Item              |Errors |Warnings |Status |Description       |
+------+------------------+-------+---------+-------+------------------+
|1     |multi_driven_nets |      0|        0|Passed |Multi driven nets |
+------+------------------+-------+---------+-------+------------------+
---------------------------------------------------------------------------------
Start Handling Custom Attributes
---------------------------------------------------------------------------------
---------------------------------------------------------------------------------
Finished Handling Custom Attributes : Time (s): cpu = 00:00:05 ; elapsed = 00:00:07 . Memory (MB): peak = 2476.945 ; gain = 62.777 ; free physical = 24716 ; free virtual = 29097
---------------------------------------------------------------------------------
---------------------------------------------------------------------------------
Finished RTL Optimization Phase 1 : Time (s): cpu = 00:00:05 ; elapsed = 00:00:07 . Memory (MB): peak = 2476.945 ; gain = 62.777 ; free physical = 24716 ; free virtual = 29097
---------------------------------------------------------------------------------
Netlist sorting complete. Time (s): cpu = 00:00:00.01 ; elapsed = 00:00:00.01 . Memory (MB): peak = 2497.820 ; gain = 0.000 ; free physical = 24708 ; free virtual = 29089
INFO: [Netlist 29-17] Analyzing 9 Unisim elements for replacement
INFO: [Netlist 29-28] Unisim Transformation completed in 0 CPU seconds
INFO: [Project 1-570] Preparing netlist for logic optimization

Processing XDC Constraints
Initializing timing engine
Parsing XDC File [/home/parallels/ultra96v2_0/ultra96v2_0.srcs/sources_1/bd/ultra96v2_0/ip/ultra96v2_0_axi_bram_ctrl_0_0/ultra96v2_0_axi_bram_ctrl_0_0_ooc.xdc] for cell 'U0'
Finished Parsing XDC File [/home/parallels/ultra96v2_0/ultra96v2_0.srcs/sources_1/bd/ultra96v2_0/ip/ultra96v2_0_axi_bram_ctrl_0_0/ultra96v2_0_axi_bram_ctrl_0_0_ooc.xdc] for cell 'U0'
Parsing XDC File [/home/parallels/ultra96v2_0/ultra96v2_0.runs/ultra96v2_0_axi_bram_ctrl_0_0_synth_1/dont_touch.xdc]
Finished Parsing XDC File [/home/parallels/ultra96v2_0/ultra96v2_0.runs/ultra96v2_0_axi_bram_ctrl_0_0_synth_1/dont_touch.xdc]
Completed Processing XDC Constraints

Netlist sorting complete. Time (s): cpu = 00:00:00 ; elapsed = 00:00:00 . Memory (MB): peak = 2652.633 ; gain = 0.000 ; free physical = 24328 ; free virtual = 28737
INFO: [Project 1-111] Unisim Transformation Summary:
  A total of 5 instances were transformed.
  FDR => FDRE: 1 instance 
  MUXCY_L => MUXCY: 4 instances

Constraint Validation Runtime : Time (s): cpu = 00:00:00.03 ; elapsed = 00:00:00.03 . Memory (MB): peak = 2652.633 ; gain = 0.000 ; free physical = 24325 ; free virtual = 28734
---------------------------------------------------------------------------------
Finished Constraint Validation : Time (s): cpu = 00:00:15 ; elapsed = 00:00:20 . Memory (MB): peak = 2652.633 ; gain = 238.465 ; free physical = 24279 ; free virtual = 28691
---------------------------------------------------------------------------------
---------------------------------------------------------------------------------
Start Loading Part and Timing Information
---------------------------------------------------------------------------------
Loading part: xczu3eg-sbva484-1-e
INFO: [Synth 8-6742] Reading net delay rules and data
---------------------------------------------------------------------------------
Finished Loading Part and Timing Information : Time (s): cpu = 00:00:15 ; elapsed = 00:00:20 . Memory (MB): peak = 2652.633 ; gain = 238.465 ; free physical = 24279 ; free virtual = 28691
---------------------------------------------------------------------------------
---------------------------------------------------------------------------------
Start Applying 'set_property' XDC Constraints
---------------------------------------------------------------------------------
Applied set_property DONT_TOUCH = true for U0. (constraint file  /home/parallels/ultra96v2_0/ultra96v2_0.runs/ultra96v2_0_axi_bram_ctrl_0_0_synth_1/dont_touch.xdc, line 9).
---------------------------------------------------------------------------------
Finished applying 'set_property' XDC Constraints : Time (s): cpu = 00:00:15 ; elapsed = 00:00:20 . Memory (MB): peak = 2652.633 ; gain = 238.465 ; free physical = 24278 ; free virtual = 28690
---------------------------------------------------------------------------------
INFO: [Synth 8-802] inferred FSM for state register 'arb_sm_cs_reg' in module 'sng_port_arb'
INFO: [Synth 8-5544] ROM "wrap_burst_total_cmb" won't be mapped to Block RAM because address size (4) smaller than threshold (5)
INFO: [Synth 8-802] inferred FSM for state register 'GEN_WDATA_SM_NO_ECC_SNG_REG_WREADY.wr_data_sng_sm_cs_reg' in module 'wr_chnl'
INFO: [Synth 8-802] inferred FSM for state register 'GEN_NO_RD_CMD_OPT.rd_data_sm_cs_reg' in module 'rd_chnl'
INFO: [Synth 8-802] inferred FSM for state register 'GEN_NO_RD_CMD_OPT.rlast_sm_cs_reg' in module 'rd_chnl'
INFO: [Synth 8-5544] ROM "axi_rvalid_set_cmb" won't be mapped to Block RAM because address size (4) smaller than threshold (5)
---------------------------------------------------------------------------------------------------
                   State |                     New Encoding |                Previous Encoding 
---------------------------------------------------------------------------------------------------
                    idle |                               00 |                               00
                 wr_data |                               01 |                               10
                 rd_data |                               10 |                               01
---------------------------------------------------------------------------------------------------
INFO: [Synth 8-3354] encoded FSM with state register 'arb_sm_cs_reg' using encoding 'sequential' in module 'sng_port_arb'
---------------------------------------------------------------------------------------------------
                   State |                     New Encoding |                Previous Encoding 
---------------------------------------------------------------------------------------------------
                    idle |                              001 |                               00
            brst_wr_data |                              010 |                               10
             sng_wr_data |                              100 |                               01
---------------------------------------------------------------------------------------------------
INFO: [Synth 8-3354] encoded FSM with state register 'GEN_WDATA_SM_NO_ECC_SNG_REG_WREADY.wr_data_sng_sm_cs_reg' using encoding 'one-hot' in module 'wr_chnl'
---------------------------------------------------------------------------------------------------
                   State |                     New Encoding |                Previous Encoding 
---------------------------------------------------------------------------------------------------
                    idle |                             0000 |                             0000
                sng_addr |                             0001 |                             0011
                sec_addr |                             0010 |                             0100
               full_pipe |                             0011 |                             0101
           full_throttle |                             0100 |                             0110
               last_addr |                             0101 |                             0111
           last_throttle |                             0110 |                             1000
               last_data |                             0111 |                             1001
       last_data_ar_pend |                             1000 |                             1010
---------------------------------------------------------------------------------------------------
INFO: [Synth 8-3354] encoded FSM with state register 'GEN_NO_RD_CMD_OPT.rd_data_sm_cs_reg' using encoding 'sequential' in module 'rd_chnl'
---------------------------------------------------------------------------------------------------
                   State |                     New Encoding |                Previous Encoding 
---------------------------------------------------------------------------------------------------
                    idle |                              000 |                              000
          w8_throttle_b2 |                              001 |                              101
             w8_throttle |                              010 |                              010
        w8_2nd_last_data |                              011 |                              011
            w8_last_data |                              100 |                              100
---------------------------------------------------------------------------------------------------
INFO: [Synth 8-3354] encoded FSM with state register 'GEN_NO_RD_CMD_OPT.rlast_sm_cs_reg' using encoding 'sequential' in module 'rd_chnl'
---------------------------------------------------------------------------------
Finished RTL Optimization Phase 2 : Time (s): cpu = 00:00:15 ; elapsed = 00:00:21 . Memory (MB): peak = 2652.633 ; gain = 238.465 ; free physical = 24240 ; free virtual = 28652
---------------------------------------------------------------------------------

Report RTL Partitions: 
+-+--------------+------------+----------+
| |RTL Partition |Replication |Instances |
+-+--------------+------------+----------+
+-+--------------+------------+----------+
---------------------------------------------------------------------------------
Start RTL Component Statistics 
---------------------------------------------------------------------------------
Detailed RTL Component Info : 
+---Adders : 
	   2 Input     10 Bit       Adders := 1     
	   2 Input      9 Bit       Adders := 2     
	   2 Input      8 Bit       Adders := 1     
	   2 Input      5 Bit       Adders := 8     
	   2 Input      4 Bit       Adders := 14    
	   2 Input      3 Bit       Adders := 1     
	   3 Input      2 Bit       Adders := 2     
	   2 Input      2 Bit       Adders := 4     
+---XORs : 
	   2 Input      1 Bit         XORs := 4     
+---Registers : 
	               32 Bit    Registers := 1     
	               11 Bit    Registers := 1     
	               10 Bit    Registers := 2     
	                8 Bit    Registers := 1     
	                4 Bit    Registers := 1     
	                3 Bit    Registers := 3     
	                2 Bit    Registers := 6     
	                1 Bit    Registers := 111   
+---Muxes : 
	   2 Input     32 Bit        Muxes := 1     
	   5 Input     11 Bit        Muxes := 2     
	   2 Input     11 Bit        Muxes := 5     
	   2 Input      8 Bit        Muxes := 3     
	   8 Input      4 Bit        Muxes := 4     
	   9 Input      4 Bit        Muxes := 1     
	   2 Input      4 Bit        Muxes := 10    
	   8 Input      3 Bit        Muxes := 2     
	   3 Input      3 Bit        Muxes := 1     
	   2 Input      3 Bit        Muxes := 4     
	   5 Input      3 Bit        Muxes := 1     
	   3 Input      2 Bit        Muxes := 3     
	   2 Input      2 Bit        Muxes := 19    
	   4 Input      2 Bit        Muxes := 2     
	   2 Input      1 Bit        Muxes := 58    
	   3 Input      1 Bit        Muxes := 16    
	   9 Input      1 Bit        Muxes := 19    
	   5 Input      1 Bit        Muxes := 2     
---------------------------------------------------------------------------------
Finished RTL Component Statistics 
---------------------------------------------------------------------------------
---------------------------------------------------------------------------------
Start RTL Hierarchical Component Statistics 
---------------------------------------------------------------------------------
Hierarchical RTL Component report 
Module sng_port_arb 
Detailed RTL Component Info : 
+---Registers : 
	                1 Bit    Registers := 5     
+---Muxes : 
	   3 Input      2 Bit        Muxes := 1     
	   2 Input      2 Bit        Muxes := 4     
	   2 Input      1 Bit        Muxes := 4     
	   3 Input      1 Bit        Muxes := 8     
Module wrap_brst 
Detailed RTL Component Info : 
+---Registers : 
	               10 Bit    Registers := 1     
	                3 Bit    Registers := 1     
+---Muxes : 
	   5 Input     11 Bit        Muxes := 1     
	   8 Input      3 Bit        Muxes := 1     
	   4 Input      2 Bit        Muxes := 1     
	   3 Input      2 Bit        Muxes := 1     
	   2 Input      1 Bit        Muxes := 4     
Module ua_narrow 
Detailed RTL Component Info : 
+---Adders : 
	   2 Input      9 Bit       Adders := 1     
	   2 Input      5 Bit       Adders := 4     
	   2 Input      4 Bit       Adders := 7     
	   3 Input      2 Bit       Adders := 1     
+---Muxes : 
	   8 Input      4 Bit        Muxes := 1     
	   2 Input      2 Bit        Muxes := 1     
Module SRL_FIFO 
Detailed RTL Component Info : 
+---XORs : 
	   2 Input      1 Bit         XORs := 4     
+---Muxes : 
	   2 Input      1 Bit        Muxes := 2     
Module wr_chnl 
Detailed RTL Component Info : 
+---Adders : 
	   2 Input      3 Bit       Adders := 1     
	   2 Input      2 Bit       Adders := 2     
+---Registers : 
	                4 Bit    Registers := 1     
	                3 Bit    Registers := 1     
	                2 Bit    Registers := 3     
	                1 Bit    Registers := 46    
+---Muxes : 
	   2 Input     11 Bit        Muxes := 1     
	   2 Input      8 Bit        Muxes := 1     
	   8 Input      4 Bit        Muxes := 1     
	   3 Input      3 Bit        Muxes := 1     
	   2 Input      3 Bit        Muxes := 1     
	   2 Input      2 Bit        Muxes := 7     
	   2 Input      1 Bit        Muxes := 14    
	   3 Input      1 Bit        Muxes := 7     
Module rd_chnl 
Detailed RTL Component Info : 
+---Adders : 
	   2 Input      8 Bit       Adders := 1     
	   2 Input      2 Bit       Adders := 2     
+---Registers : 
	               32 Bit    Registers := 1     
	                8 Bit    Registers := 1     
	                2 Bit    Registers := 3     
	                1 Bit    Registers := 60    
+---Muxes : 
	   2 Input     32 Bit        Muxes := 1     
	   2 Input     11 Bit        Muxes := 1     
	   2 Input      8 Bit        Muxes := 2     
	   8 Input      4 Bit        Muxes := 1     
	   9 Input      4 Bit        Muxes := 1     
	   2 Input      4 Bit        Muxes := 9     
	   5 Input      3 Bit        Muxes := 1     
	   2 Input      3 Bit        Muxes := 3     
	   2 Input      2 Bit        Muxes := 6     
	   2 Input      1 Bit        Muxes := 29    
	   3 Input      1 Bit        Muxes := 1     
	   9 Input      1 Bit        Muxes := 19    
	   5 Input      1 Bit        Muxes := 2     
Module full_axi 
Detailed RTL Component Info : 
+---Adders : 
	   2 Input     10 Bit       Adders := 1     
+---Registers : 
	               11 Bit    Registers := 1     
+---Muxes : 
	   2 Input     11 Bit        Muxes := 3     
	   2 Input      4 Bit        Muxes := 1     
	   2 Input      1 Bit        Muxes := 1     
---------------------------------------------------------------------------------
Finished RTL Hierarchical Component Statistics
---------------------------------------------------------------------------------
---------------------------------------------------------------------------------
Start Part Resource Summary
---------------------------------------------------------------------------------
Part Resources:
DSPs: 360 (col length:72)
BRAMs: 432 (col length: RAMB18 72 RAMB36 36)
---------------------------------------------------------------------------------
Finished Part Resource Summary
---------------------------------------------------------------------------------
---------------------------------------------------------------------------------
Start Cross Boundary and Area Optimization
---------------------------------------------------------------------------------
Warning: Parallel synthesis criteria is not met 
INFO: [Synth 8-3333] propagating constant 0 across sequential element (U0/\gext_inst.abcv4_0_ext_inst/GEN_AXI4.I_FULL_AXI/I_RD_CHNL/GEN_NO_RD_CMD_OPT.axi_b2b_brst_reg )
INFO: [Synth 8-3886] merging instance 'U0/gext_inst.abcv4_0_ext_inst/GEN_AXI4.I_FULL_AXI/I_RD_CHNL/GEN_NO_RD_CMD_OPT.GEN_RRESP.axi_rresp_int_reg[0]' (FDRE) to 'U0/gext_inst.abcv4_0_ext_inst/GEN_AXI4.I_FULL_AXI/I_RD_CHNL/GEN_NO_RD_CMD_OPT.GEN_RRESP.axi_rresp_int_reg[1]'
INFO: [Synth 8-3333] propagating constant 0 across sequential element (U0/\gext_inst.abcv4_0_ext_inst/GEN_AXI4.I_FULL_AXI/I_RD_CHNL/GEN_NO_RD_CMD_OPT.GEN_RRESP.axi_rresp_int_reg[1] )
INFO: [Synth 8-3886] merging instance 'U0/gext_inst.abcv4_0_ext_inst/GEN_AXI4.I_FULL_AXI/I_WR_CHNL/GEN_BRESP.axi_bresp_int_reg[0]' (FDRE) to 'U0/gext_inst.abcv4_0_ext_inst/GEN_AXI4.I_FULL_AXI/I_WR_CHNL/GEN_BRESP.axi_bresp_int_reg[1]'
INFO: [Synth 8-3333] propagating constant 0 across sequential element (U0/\gext_inst.abcv4_0_ext_inst/GEN_AXI4.I_FULL_AXI/I_WR_CHNL/GEN_BRESP.axi_bresp_int_reg[1] )
---------------------------------------------------------------------------------
Finished Cross Boundary and Area Optimization : Time (s): cpu = 00:00:18 ; elapsed = 00:00:23 . Memory (MB): peak = 2652.633 ; gain = 238.465 ; free physical = 24163 ; free virtual = 28581
---------------------------------------------------------------------------------

Report RTL Partitions: 
+-+--------------+------------+----------+
| |RTL Partition |Replication |Instances |
+-+--------------+------------+----------+
+-+--------------+------------+----------+
---------------------------------------------------------------------------------
Start Applying XDC Timing Constraints
---------------------------------------------------------------------------------
---------------------------------------------------------------------------------
Finished Applying XDC Timing Constraints : Time (s): cpu = 00:00:40 ; elapsed = 00:01:03 . Memory (MB): peak = 3097.359 ; gain = 683.191 ; free physical = 22989 ; free virtual = 27460
---------------------------------------------------------------------------------
---------------------------------------------------------------------------------
Start Timing Optimization
---------------------------------------------------------------------------------
---------------------------------------------------------------------------------
Finished Timing Optimization : Time (s): cpu = 00:00:41 ; elapsed = 00:01:05 . Memory (MB): peak = 3148.398 ; gain = 734.230 ; free physical = 22898 ; free virtual = 27369
---------------------------------------------------------------------------------

Report RTL Partitions: 
+-+--------------+------------+----------+
| |RTL Partition |Replication |Instances |
+-+--------------+------------+----------+
+-+--------------+------------+----------+
---------------------------------------------------------------------------------
Start Technology Mapping
---------------------------------------------------------------------------------
---------------------------------------------------------------------------------
Finished Technology Mapping : Time (s): cpu = 00:00:41 ; elapsed = 00:01:05 . Memory (MB): peak = 3156.406 ; gain = 742.238 ; free physical = 22887 ; free virtual = 27358
---------------------------------------------------------------------------------

Report RTL Partitions: 
+-+--------------+------------+----------+
| |RTL Partition |Replication |Instances |
+-+--------------+------------+----------+
+-+--------------+------------+----------+
---------------------------------------------------------------------------------
Start IO Insertion
---------------------------------------------------------------------------------
---------------------------------------------------------------------------------
Start Flattening Before IO Insertion
---------------------------------------------------------------------------------
---------------------------------------------------------------------------------
Finished Flattening Before IO Insertion
---------------------------------------------------------------------------------
---------------------------------------------------------------------------------
Start Final Netlist Cleanup
---------------------------------------------------------------------------------
---------------------------------------------------------------------------------
Finished Final Netlist Cleanup
---------------------------------------------------------------------------------
---------------------------------------------------------------------------------
Finished IO Insertion : Time (s): cpu = 00:00:44 ; elapsed = 00:01:07 . Memory (MB): peak = 3156.406 ; gain = 742.238 ; free physical = 22811 ; free virtual = 27283
---------------------------------------------------------------------------------
---------------------------------------------------------------------------------
Start Renaming Generated Instances
---------------------------------------------------------------------------------
---------------------------------------------------------------------------------
Finished Renaming Generated Instances : Time (s): cpu = 00:00:44 ; elapsed = 00:01:07 . Memory (MB): peak = 3156.406 ; gain = 742.238 ; free physical = 22811 ; free virtual = 27283
---------------------------------------------------------------------------------

Report RTL Partitions: 
+-+--------------+------------+----------+
| |RTL Partition |Replication |Instances |
+-+--------------+------------+----------+
+-+--------------+------------+----------+

Report Check Netlist: 
+------+------------------+-------+---------+-------+------------------+
|      |Item              |Errors |Warnings |Status |Description       |
+------+------------------+-------+---------+-------+------------------+
|1     |multi_driven_nets |      0|        0|Passed |Multi driven nets |
+------+------------------+-------+---------+-------+------------------+
---------------------------------------------------------------------------------
Start Rebuilding User Hierarchy
---------------------------------------------------------------------------------
---------------------------------------------------------------------------------
Finished Rebuilding User Hierarchy : Time (s): cpu = 00:00:44 ; elapsed = 00:01:08 . Memory (MB): peak = 3156.406 ; gain = 742.238 ; free physical = 22810 ; free virtual = 27281
---------------------------------------------------------------------------------
---------------------------------------------------------------------------------
Start Renaming Generated Ports
---------------------------------------------------------------------------------
---------------------------------------------------------------------------------
Finished Renaming Generated Ports : Time (s): cpu = 00:00:44 ; elapsed = 00:01:08 . Memory (MB): peak = 3156.406 ; gain = 742.238 ; free physical = 22810 ; free virtual = 27281
---------------------------------------------------------------------------------
---------------------------------------------------------------------------------
Start Handling Custom Attributes
---------------------------------------------------------------------------------
---------------------------------------------------------------------------------
Finished Handling Custom Attributes : Time (s): cpu = 00:00:44 ; elapsed = 00:01:08 . Memory (MB): peak = 3156.406 ; gain = 742.238 ; free physical = 22810 ; free virtual = 27281
---------------------------------------------------------------------------------
---------------------------------------------------------------------------------
Start Renaming Generated Nets
---------------------------------------------------------------------------------
---------------------------------------------------------------------------------
Finished Renaming Generated Nets : Time (s): cpu = 00:00:44 ; elapsed = 00:01:08 . Memory (MB): peak = 3156.406 ; gain = 742.238 ; free physical = 22810 ; free virtual = 27281
---------------------------------------------------------------------------------
---------------------------------------------------------------------------------
Start Writing Synthesis Report
---------------------------------------------------------------------------------

Report BlackBoxes: 
+-+--------------+----------+
| |BlackBox name |Instances |
+-+--------------+----------+
+-+--------------+----------+

Report Cell Usage: 
+------+--------+------+
|      |Cell    |Count |
+------+--------+------+
|1     |CARRY8  |     2|
|2     |LUT1    |     4|
|3     |LUT2    |    31|
|4     |LUT3    |    66|
|5     |LUT4    |    40|
|6     |LUT5    |    47|
|7     |LUT6    |   136|
|8     |MUXCY_L |     3|
|9     |SRL16E  |     1|
|10    |XORCY   |     4|
|11    |FDR     |     1|
|12    |FDRE    |   217|
|13    |FDSE    |     1|
+------+--------+------+

Report Instance Areas: 
+------+--------------------------------------------------------+------------------+------+
|      |Instance                                                |Module            |Cells |
+------+--------------------------------------------------------+------------------+------+
|1     |top                                                     |                  |   553|
|2     |  U0                                                    |axi_bram_ctrl     |   553|
|3     |    \gext_inst.abcv4_0_ext_inst                         |axi_bram_ctrl_top |   553|
|4     |      \GEN_AXI4.I_FULL_AXI                              |full_axi          |   553|
|5     |        \GEN_ARB.I_SNG_PORT                             |sng_port_arb      |    25|
|6     |        I_RD_CHNL                                       |rd_chnl           |   316|
|7     |          \GEN_NO_RD_CMD_OPT.GEN_UA_NARROW.I_UA_NARROW  |ua_narrow_0       |     8|
|8     |          \GEN_NO_RD_CMD_OPT.I_WRAP_BRST                |wrap_brst_1       |    51|
|9     |        I_WR_CHNL                                       |wr_chnl           |   191|
|10    |          BID_FIFO                                      |SRL_FIFO          |    27|
|11    |          \GEN_UA_NARROW.I_UA_NARROW                    |ua_narrow         |     9|
|12    |          I_WRAP_BRST                                   |wrap_brst         |    43|
+------+--------------------------------------------------------+------------------+------+
---------------------------------------------------------------------------------
Finished Writing Synthesis Report : Time (s): cpu = 00:00:44 ; elapsed = 00:01:08 . Memory (MB): peak = 3156.406 ; gain = 742.238 ; free physical = 22810 ; free virtual = 27281
---------------------------------------------------------------------------------
Synthesis finished with 0 errors, 0 critical warnings and 275 warnings.
Synthesis Optimization Runtime : Time (s): cpu = 00:00:37 ; elapsed = 00:00:58 . Memory (MB): peak = 3156.406 ; gain = 566.551 ; free physical = 22847 ; free virtual = 27318
Synthesis Optimization Complete : Time (s): cpu = 00:00:44 ; elapsed = 00:01:08 . Memory (MB): peak = 3156.414 ; gain = 742.238 ; free physical = 22847 ; free virtual = 27318
INFO: [Project 1-571] Translating synthesized netlist
Netlist sorting complete. Time (s): cpu = 00:00:00.01 ; elapsed = 00:00:00 . Memory (MB): peak = 3156.414 ; gain = 0.000 ; free physical = 22881 ; free virtual = 27355
INFO: [Netlist 29-17] Analyzing 10 Unisim elements for replacement
INFO: [Netlist 29-28] Unisim Transformation completed in 2 CPU seconds
INFO: [Project 1-570] Preparing netlist for logic optimization
INFO: [Opt 31-138] Pushed 0 inverter(s) to 0 load pin(s).
Netlist sorting complete. Time (s): cpu = 00:00:00 ; elapsed = 00:00:00 . Memory (MB): peak = 3209.234 ; gain = 0.000 ; free physical = 22842 ; free virtual = 27316
INFO: [Project 1-111] Unisim Transformation Summary:
  A total of 2 instances were transformed.
  (CARRY4) => CARRY8: 1 instance 
  FDR => FDRE: 1 instance 

INFO: [Common 17-83] Releasing license: Synthesis
82 Infos, 108 Warnings, 0 Critical Warnings and 0 Errors encountered.
synth_design completed successfully
synth_design: Time (s): cpu = 00:00:56 ; elapsed = 00:01:28 . Memory (MB): peak = 3209.234 ; gain = 1613.094 ; free physical = 22986 ; free virtual = 27460
Netlist sorting complete. Time (s): cpu = 00:00:00 ; elapsed = 00:00:00 . Memory (MB): peak = 3209.234 ; gain = 0.000 ; free physical = 22986 ; free virtual = 27460
WARNING: [Constraints 18-5210] No constraints selected for write.
Resolution: This message can indicate that there are no constraints for the design, or it can indicate that the used_in flags are set such that the constraints are ignored. This later case is used when running synth_design to not write synthesis constraints to the resulting checkpoint. Instead, project constraints are read when the synthesized design is opened.
INFO: [Common 17-1381] The checkpoint '/home/parallels/ultra96v2_0/ultra96v2_0.runs/ultra96v2_0_axi_bram_ctrl_0_0_synth_1/ultra96v2_0_axi_bram_ctrl_0_0.dcp' has been generated.
WARNING: [Common 17-576] 'use_project_ipc' is deprecated. This option is deprecated and no longer used.
INFO: [Coretcl 2-1648] Added synthesis output to IP cache for IP ultra96v2_0_axi_bram_ctrl_0_0, cache-ID = bbe6c911ba3bbb16
INFO: [Coretcl 2-1174] Renamed 11 cell refs.
Netlist sorting complete. Time (s): cpu = 00:00:00 ; elapsed = 00:00:00 . Memory (MB): peak = 3233.246 ; gain = 0.000 ; free physical = 22969 ; free virtual = 27445
WARNING: [Constraints 18-5210] No constraints selected for write.
Resolution: This message can indicate that there are no constraints for the design, or it can indicate that the used_in flags are set such that the constraints are ignored. This later case is used when running synth_design to not write synthesis constraints to the resulting checkpoint. Instead, project constraints are read when the synthesized design is opened.
INFO: [Common 17-1381] The checkpoint '/home/parallels/ultra96v2_0/ultra96v2_0.runs/ultra96v2_0_axi_bram_ctrl_0_0_synth_1/ultra96v2_0_axi_bram_ctrl_0_0.dcp' has been generated.
INFO: [runtcl-4] Executing : report_utilization -file ultra96v2_0_axi_bram_ctrl_0_0_utilization_synth.rpt -pb ultra96v2_0_axi_bram_ctrl_0_0_utilization_synth.pb
INFO: [Common 17-206] Exiting Vivado at Fri Feb  7 20:00:59 2020...
