Copyright 1986-2019 Xilinx, Inc. All Rights Reserved.
---------------------------------------------------------------------------------------------------------------------------------------
| Tool Version : Vivado v.2019.1 (lin64) Build 2552052 Fri May 24 14:47:09 MDT 2019
| Date         : Fri Dec 20 10:19:12 2019
| Host         : ubuv1604 running 64-bit Ubuntu 16.04.6 LTS
| Command      : report_utilization -file ultra96v2_oob_wrapper_utilization_placed.rpt -pb ultra96v2_oob_wrapper_utilization_placed.pb
| Design       : ultra96v2_oob_wrapper
| Device       : xczu3egsbva484-1
| Design State : Fully Placed
---------------------------------------------------------------------------------------------------------------------------------------

Utilization Design Information

Table of Contents
-----------------
1. CLB Logic
1.1 Summary of Registers by Type
2. CLB Logic Distribution
3. BLOCKRAM
4. ARITHMETIC
5. I/O
6. CLOCK
7. ADVANCED
8. CONFIGURATION
9. Primitives
10. Black Boxes
11. Instantiated Netlists

1. CLB Logic
------------

+----------------------------+-------+-------+-----------+-------+
|          Site Type         |  Used | Fixed | Available | Util% |
+----------------------------+-------+-------+-----------+-------+
| CLB LUTs                   | 11546 |     0 |     70560 | 16.36 |
|   LUT as Logic             | 10778 |     0 |     70560 | 15.27 |
|   LUT as Memory            |   768 |     0 |     28800 |  2.67 |
|     LUT as Distributed RAM |   448 |     0 |           |       |
|     LUT as Shift Register  |   320 |     0 |           |       |
| CLB Registers              | 12892 |     0 |    141120 |  9.14 |
|   Register as Flip Flop    | 12892 |     0 |    141120 |  9.14 |
|   Register as Latch        |     0 |     0 |    141120 |  0.00 |
| CARRY8                     |    13 |     0 |      8820 |  0.15 |
| F7 Muxes                   |     2 |     0 |     35280 | <0.01 |
| F8 Muxes                   |     0 |     0 |     17640 |  0.00 |
| F9 Muxes                   |     0 |     0 |      8820 |  0.00 |
+----------------------------+-------+-------+-----------+-------+


1.1 Summary of Registers by Type
--------------------------------

+-------+--------------+-------------+--------------+
| Total | Clock Enable | Synchronous | Asynchronous |
+-------+--------------+-------------+--------------+
| 0     |            _ |           - |            - |
| 0     |            _ |           - |          Set |
| 0     |            _ |           - |        Reset |
| 0     |            _ |         Set |            - |
| 0     |            _ |       Reset |            - |
| 0     |          Yes |           - |            - |
| 264   |          Yes |           - |          Set |
| 552   |          Yes |           - |        Reset |
| 316   |          Yes |         Set |            - |
| 11760 |          Yes |       Reset |            - |
+-------+--------------+-------------+--------------+


2. CLB Logic Distribution
-------------------------

+--------------------------------------------+-------+-------+-----------+-------+
|                  Site Type                 |  Used | Fixed | Available | Util% |
+--------------------------------------------+-------+-------+-----------+-------+
| CLB                                        |  2323 |     0 |      8820 | 26.34 |
|   CLBL                                     |  1467 |     0 |           |       |
|   CLBM                                     |   856 |     0 |           |       |
| LUT as Logic                               | 10778 |     0 |     70560 | 15.27 |
|   using O5 output only                     |   351 |       |           |       |
|   using O6 output only                     |  7713 |       |           |       |
|   using O5 and O6                          |  2714 |       |           |       |
| LUT as Memory                              |   768 |     0 |     28800 |  2.67 |
|   LUT as Distributed RAM                   |   448 |     0 |           |       |
|     using O5 output only                   |     0 |       |           |       |
|     using O6 output only                   |     0 |       |           |       |
|     using O5 and O6                        |   448 |       |           |       |
|   LUT as Shift Register                    |   320 |     0 |           |       |
|     using O5 output only                   |     0 |       |           |       |
|     using O6 output only                   |   310 |       |           |       |
|     using O5 and O6                        |    10 |       |           |       |
| CLB Registers                              | 12892 |     0 |    141120 |  9.14 |
|   Register driven from within the CLB      |  6466 |       |           |       |
|   Register driven from outside the CLB     |  6426 |       |           |       |
|     LUT in front of the register is unused |  3600 |       |           |       |
|     LUT in front of the register is used   |  2826 |       |           |       |
| Unique Control Sets                        |   768 |       |     17640 |  4.35 |
+--------------------------------------------+-------+-------+-----------+-------+
* Note: Available Control Sets calculated as CLB Registers / 8, Review the Control Sets Report for more information regarding control sets.


3. BLOCKRAM
-----------

+-------------------+------+-------+-----------+-------+
|     Site Type     | Used | Fixed | Available | Util% |
+-------------------+------+-------+-----------+-------+
| Block RAM Tile    |    4 |     0 |       216 |  1.85 |
|   RAMB36/FIFO*    |    4 |     0 |       216 |  1.85 |
|     RAMB36E2 only |    4 |       |           |       |
|   RAMB18          |    0 |     0 |       432 |  0.00 |
+-------------------+------+-------+-----------+-------+
* Note: Each Block RAM Tile only has one FIFO logic available and therefore can accommodate only one FIFO36E2 or one FIFO18E2. However, if a FIFO18E2 occupies a Block RAM Tile, that tile can still accommodate a RAMB18E2


4. ARITHMETIC
-------------

+-----------+------+-------+-----------+-------+
| Site Type | Used | Fixed | Available | Util% |
+-----------+------+-------+-----------+-------+
| DSPs      |    0 |     0 |       360 |  0.00 |
+-----------+------+-------+-----------+-------+


5. I/O
------

+------------------+------+-------+-----------+-------+
|     Site Type    | Used | Fixed | Available | Util% |
+------------------+------+-------+-----------+-------+
| Bonded IOB       |   45 |    45 |        82 | 54.88 |
| HPIOB_M          |   13 |    13 |        26 | 50.00 |
|   INPUT          |    0 |       |           |       |
|   OUTPUT         |   13 |       |           |       |
|   BIDIR          |    0 |       |           |       |
| HPIOB_S          |   14 |    14 |        26 | 53.85 |
|   INPUT          |    0 |       |           |       |
|   OUTPUT         |   14 |       |           |       |
|   BIDIR          |    0 |       |           |       |
| HDIOB_M          |    6 |     6 |        12 | 50.00 |
|   INPUT          |    3 |       |           |       |
|   OUTPUT         |    3 |       |           |       |
|   BIDIR          |    0 |       |           |       |
| HDIOB_S          |   10 |    10 |        12 | 83.33 |
|   INPUT          |    2 |       |           |       |
|   OUTPUT         |    8 |       |           |       |
|   BIDIR          |    0 |       |           |       |
| HPIOB_SNGL       |    2 |     2 |         6 | 33.33 |
|   INPUT          |    0 |       |           |       |
|   OUTPUT         |    2 |       |           |       |
|   BIDIR          |    0 |       |           |       |
| HPIOBDIFFINBUF   |    0 |     0 |        72 |  0.00 |
| HPIOBDIFFOUTBUF  |    0 |     0 |        72 |  0.00 |
| HDIOBDIFFINBUF   |    0 |     0 |        48 |  0.00 |
| BITSLICE_CONTROL |    0 |     0 |        24 |  0.00 |
| BITSLICE_RX_TX   |    0 |     0 |       156 |  0.00 |
| BITSLICE_TX      |    0 |     0 |        24 |  0.00 |
| RIU_OR           |    0 |     0 |        12 |  0.00 |
+------------------+------+-------+-----------+-------+


6. CLOCK
--------

+----------------------+------+-------+-----------+-------+
|       Site Type      | Used | Fixed | Available | Util% |
+----------------------+------+-------+-----------+-------+
| GLOBAL CLOCK BUFFERs |    2 |     0 |       196 |  1.02 |
|   BUFGCE             |    1 |     0 |        88 |  1.14 |
|   BUFGCE_DIV         |    0 |     0 |        12 |  0.00 |
|   BUFG_PS            |    1 |     0 |        72 |  1.39 |
|   BUFGCTRL*          |    0 |     0 |        24 |  0.00 |
| PLL                  |    0 |     0 |         6 |  0.00 |
| MMCM                 |    0 |     0 |         3 |  0.00 |
+----------------------+------+-------+-----------+-------+
* Note: Each used BUFGCTRL counts as two GLOBAL CLOCK BUFFERs. This table does not include global clocking resources, only buffer cell usage. See the Clock Utilization Report (report_clock_utilization) for detailed accounting of global clocking resource availability.


7. ADVANCED
-----------

+-----------+------+-------+-----------+--------+
| Site Type | Used | Fixed | Available |  Util% |
+-----------+------+-------+-----------+--------+
| PS8       |    1 |     0 |         1 | 100.00 |
| SYSMONE4  |    1 |     1 |         1 | 100.00 |
+-----------+------+-------+-----------+--------+


8. CONFIGURATION
----------------

+-------------+------+-------+-----------+-------+
|  Site Type  | Used | Fixed | Available | Util% |
+-------------+------+-------+-----------+-------+
| BSCANE2     |    0 |     0 |         4 |  0.00 |
| DNA_PORTE2  |    0 |     0 |         1 |  0.00 |
| EFUSE_USR   |    0 |     0 |         1 |  0.00 |
| FRAME_ECCE4 |    0 |     0 |         1 |  0.00 |
| ICAPE3      |    0 |     0 |         2 |  0.00 |
| MASTER_JTAG |    0 |     0 |         1 |  0.00 |
| STARTUPE3   |    0 |     0 |         1 |  0.00 |
+-------------+------+-------+-----------+-------+


9. Primitives
-------------

+----------+-------+---------------------+
| Ref Name |  Used | Functional Category |
+----------+-------+---------------------+
| FDRE     | 11760 |            Register |
| LUT6     |  4077 |                 CLB |
| LUT3     |  3052 |                 CLB |
| LUT5     |  2897 |                 CLB |
| LUT4     |  1845 |                 CLB |
| LUT2     |  1182 |                 CLB |
| RAMD32   |   784 |                 CLB |
| FDCE     |   552 |            Register |
| LUT1     |   439 |                 CLB |
| FDSE     |   316 |            Register |
| FDPE     |   264 |            Register |
| SRLC32E  |   204 |                 CLB |
| SRL16E   |   126 |                 CLB |
| RAMS32   |   112 |                 CLB |
| OBUF     |    40 |                 I/O |
| CARRY8   |    13 |                 CLB |
| INBUF    |     5 |                 I/O |
| IBUFCTRL |     5 |              Others |
| RAMB36E2 |     4 |           Block Ram |
| MUXF7    |     2 |                 CLB |
| SYSMONE4 |     1 |            Advanced |
| PS8      |     1 |            Advanced |
| BUFG_PS  |     1 |               Clock |
| BUFGCE   |     1 |               Clock |
+----------+-------+---------------------+


10. Black Boxes
---------------

+----------+------+
| Ref Name | Used |
+----------+------+


11. Instantiated Netlists
-------------------------

+-----------------------------------------+------+
|                 Ref Name                | Used |
+-----------------------------------------+------+
| ultra96v2_oob_zynq_ultra_ps_e_0_0       |    1 |
| ultra96v2_oob_xbar_0                    |    1 |
| ultra96v2_oob_system_management_wiz_0_0 |    1 |
| ultra96v2_oob_proc_sys_reset_0_0        |    1 |
| ultra96v2_oob_blk_mem_gen_0_0           |    1 |
| ultra96v2_oob_axi_uart16550_1_0         |    1 |
| ultra96v2_oob_axi_uart16550_0_0         |    1 |
| ultra96v2_oob_axi_gpio_2_0              |    1 |
| ultra96v2_oob_axi_gpio_1_0              |    1 |
| ultra96v2_oob_axi_gpio_0_0              |    1 |
| ultra96v2_oob_axi_bram_ctrl_0_0         |    1 |
| ultra96v2_oob_auto_pc_7                 |    1 |
| ultra96v2_oob_auto_pc_6                 |    1 |
| ultra96v2_oob_auto_pc_5                 |    1 |
| ultra96v2_oob_auto_pc_4                 |    1 |
| ultra96v2_oob_auto_pc_3                 |    1 |
| ultra96v2_oob_auto_pc_2                 |    1 |
| ultra96v2_oob_auto_pc_1                 |    1 |
| ultra96v2_oob_auto_pc_0                 |    1 |
| ultra96v2_oob_auto_ds_7                 |    1 |
| ultra96v2_oob_auto_ds_6                 |    1 |
| ultra96v2_oob_auto_ds_5                 |    1 |
| ultra96v2_oob_auto_ds_4                 |    1 |
| ultra96v2_oob_auto_ds_3                 |    1 |
| ultra96v2_oob_auto_ds_2                 |    1 |
| ultra96v2_oob_auto_ds_1                 |    1 |
| ultra96v2_oob_auto_ds_0                 |    1 |
| ultra96v2_oob_PWM_w_Int_1_0             |    1 |
| ultra96v2_oob_PWM_w_Int_0_0             |    1 |
+-----------------------------------------+------+


