Copyright 1986-2019 Xilinx, Inc. All Rights Reserved.
------------------------------------------------------------------------------------------------------------------------------------------
| Tool Version : Vivado v.2019.2 (lin64) Build 2708876 Wed Nov  6 21:39:14 MST 2019
| Date         : Mon May  4 17:33:17 2020
| Host         : parallels-Parallels-Virtual-Platform running 64-bit Ubuntu 18.04.4 LTS
| Command      : report_drc -file ultra96v2_wrapper_drc_opted.rpt -pb ultra96v2_wrapper_drc_opted.pb -rpx ultra96v2_wrapper_drc_opted.rpx
| Design       : ultra96v2_wrapper
| Device       : xczu3eg-sbva484-1-e
| Speed File   : -1
| Design State : Synthesized
------------------------------------------------------------------------------------------------------------------------------------------

Report DRC

Table of Contents
-----------------
1. REPORT SUMMARY
2. REPORT DETAILS

1. REPORT SUMMARY
-----------------
            Netlist: netlist
          Floorplan: design_1
      Design limits: <entire design considered>
           Ruledeck: default
             Max violations: <unlimited>
             Violations found: 2
+-----------+----------+--------------------------------------------+------------+
| Rule      | Severity | Description                                | Violations |
+-----------+----------+--------------------------------------------+------------+
| REQP-1774 | Warning  | RAMB36E2_WRITE_WIDTH_A_18_doesnt_use_WEA32 | 2          |
+-----------+----------+--------------------------------------------+------------+

2. REPORT DETAILS
-----------------
REQP-1774#1 Warning
RAMB36E2_WRITE_WIDTH_A_18_doesnt_use_WEA32  
The RAMB36E2 cell ultra96v2_0_i/blk_mem_gen_0/U0/inst_blk_mem_gen/gnbram.gnative_mem_map_bmg.native_mem_map_blk_mem_gen/valid.cstr/ramloop[0].ram.r/prim_noinit.ram/DEVICE_8SERIES.WITH_BMM_INFO.SP.SIMPLE_PRIM36.SERIES8_SP_NO_ECC_ATTR.ram has WRITE_WIDTH_A set to 18. The WEA[3:2] pins should not be connected to active signal.
Related violations: <none>

REQP-1774#2 Warning
RAMB36E2_WRITE_WIDTH_A_18_doesnt_use_WEA32  
The RAMB36E2 cell ultra96v2_0_i/blk_mem_gen_0/U0/inst_blk_mem_gen/gnbram.gnative_mem_map_bmg.native_mem_map_blk_mem_gen/valid.cstr/ramloop[1].ram.r/prim_noinit.ram/DEVICE_8SERIES.WITH_BMM_INFO.SP.SIMPLE_PRIM36.SERIES8_SP_NO_ECC_ATTR.ram has WRITE_WIDTH_A set to 18. The WEA[3:2] pins should not be connected to active signal.
Related violations: <none>


