#-----------------------------------------------------------
# Webtalk v2019.2 (64-bit)
# SW Build 2708876 on Wed Nov  6 21:39:14 MST 2019
# 
# Start of session at: Mon May  4 17:43:29 2020
# Process ID: 17238
# Current directory: /home/parallels/ultra96v2_0/vitis_workspace/webtalk
# Command line: wbtcv -mode batch -source vitis_webtalk.tcl
# Log file: /home/parallels/ultra96v2_0/vitis_workspace/webtalk/webtalk.log
# Journal file: /home/parallels/ultra96v2_0/vitis_workspace/webtalk/webtalk.jou
#-----------------------------------------------------------
source vitis_webtalk.tcl
# webtalk_init -webtalk_dir /home/parallels/ultra96v2_0/vitis_workspace/webtalk
# webtalk_register_client -client project
# webtalk_add_data -client project -key date_generated -value "2020-05-04 15:43:28" -context "software_version_and_target_device"
# webtalk_add_data -client project -key product_version -value "Vitis v2019.2" -context "software_version_and_target_device"
# webtalk_add_data -client project -key build_version -value "2019.2" -context "software_version_and_target_device"
# webtalk_add_data -client project -key os_platform -value "amd64" -context "software_version_and_target_device"
# webtalk_add_data -client project -key registration_id -value "NA" -context "software_version_and_target_device"
# webtalk_add_data -client project -key tool_flow -value "Vitis" -context "software_version_and_target_device"
# webtalk_add_data -client project -key beta -value "false" -context "software_version_and_target_device"
# webtalk_add_data -client project -key route_design -value "NA" -context "software_version_and_target_device"
# webtalk_add_data -client project -key target_family -value "NA" -context "software_version_and_target_device"
# webtalk_add_data -client project -key target_device -value "NA" -context "software_version_and_target_device"
# webtalk_add_data -client project -key target_package -value "NA" -context "software_version_and_target_device"
# webtalk_add_data -client project -key target_speed -value "NA" -context "software_version_and_target_device"
# webtalk_add_data -client project -key random_id -value "9qlnlpfrjdp3bo1a2fs5jebttk" -context "software_version_and_target_device"
# webtalk_add_data -client project -key project_id -value "2019.2_94" -context "software_version_and_target_device"
# webtalk_add_data -client project -key project_iteration -value "94" -context "software_version_and_target_device"
# webtalk_add_data -client project -key os_name -value "Ubuntu" -context "user_environment"
# webtalk_add_data -client project -key os_release -value "Ubuntu 18.04.4 LTS" -context "user_environment"
# webtalk_add_data -client project -key cpu_name -value "Intel(R) Core(TM) i9-9880H CPU @ 2.30GHz" -context "user_environment"
# webtalk_add_data -client project -key cpu_speed -value "2304.000 MHz" -context "user_environment"
# webtalk_add_data -client project -key total_processors -value "1" -context "user_environment"
# webtalk_add_data -client project -key system_ram -value "37.391 GB" -context "user_environment"
# webtalk_register_client -client vitis
# webtalk_add_data -client vitis -key uid -value "NA" -context "vitis\\\\tool/1588632208801"
# webtalk_add_data -client vitis -key RecordType -value "ToolUsage" -context "vitis\\\\tool/1588632208801"
# webtalk_add_data -client vitis -key BOOTGEN_count -value "0" -context "vitis\\\\tool/1588632208801"
# webtalk_add_data -client vitis -key FLASH_count -value "0" -context "vitis\\\\tool/1588632208801"
# webtalk_add_data -client vitis -key MOVE_APP_TO_SYSTEM_count -value "0" -context "vitis\\\\tool/1588632208801"
# webtalk_add_data -client vitis -key SDX_EXPORT_count -value "0" -context "vitis\\\\tool/1588632208801"
# webtalk_add_data -client vitis -key SDX_IMPORT_count -value "0" -context "vitis\\\\tool/1588632208801"
# webtalk_add_data -client vitis -key SDX_BUILD_count -value "0" -context "vitis\\\\tool/1588632208801"
# webtalk_add_data -client vitis -key SDX_NO_OP_BUILD_count -value "2" -context "vitis\\\\tool/1588632208801"
# webtalk_add_data -client vitis -key TCF_APP_DEBUG_count -value "0" -context "vitis\\\\tool/1588632208801"
# webtalk_add_data -client vitis -key TCF_SYSTEM_DEBUG_count -value "0" -context "vitis\\\\tool/1588632208801"
# webtalk_add_data -client vitis -key GDB_DEBUG_count -value "0" -context "vitis\\\\tool/1588632208801"
# webtalk_add_data -client vitis -key QEMU_DEBUG_count -value "0" -context "vitis\\\\tool/1588632208801"
# webtalk_add_data -client vitis -key ESTIMATION_DEBUG_count -value "0" -context "vitis\\\\tool/1588632208801"
# webtalk_add_data -client vitis -key SDSOC_TRACE_count -value "0" -context "vitis\\\\tool/1588632208801"
# webtalk_add_data -client vitis -key PERFORMANCE_ANALYSIS_count -value "0" -context "vitis\\\\tool/1588632208801"
# webtalk_add_data -client vitis -key SPM_ANALYSIS_count -value "0" -context "vitis\\\\tool/1588632208801"
# webtalk_add_data -client vitis -key CROSS_TRIGGER_count -value "0" -context "vitis\\\\tool/1588632208801"
# webtalk_add_data -client vitis -key TCF_PROFILER_count -value "0" -context "vitis\\\\tool/1588632208801"
# webtalk_add_data -client vitis -key APPLICATION_PLATFORM_CHANGE_count -value "0" -context "vitis\\\\tool/1588632208801"
# webtalk_add_data -client vitis -key APPLICATION_SYS_CONFIG_CHANGE_count -value "0" -context "vitis\\\\tool/1588632208801"
# webtalk_add_data -client vitis -key SYSTEM_PLATFORM_CHANGE_count -value "0" -context "vitis\\\\tool/1588632208801"
# webtalk_transmit -clientid 1357260705 -regid "" -xml /home/parallels/ultra96v2_0/vitis_workspace/webtalk/usage_statistics_ext_vitis.xml -html /home/parallels/ultra96v2_0/vitis_workspace/webtalk/usage_statistics_ext_vitis.html -wdm /home/parallels/ultra96v2_0/vitis_workspace/webtalk/vitis_webtalk.wdm -intro "<H3>Vitis Usage Report</H3><BR>"
# webtalk_terminate
INFO: [Common 17-206] Exiting Webtalk at Mon May  4 17:43:29 2020...
