
*** Running vivado
    with args -log ultra96v2_0_axi_gpio_1_0.vds -m64 -product Vivado -mode batch -messageDb vivado.pb -notrace -source ultra96v2_0_axi_gpio_1_0.tcl


****** Vivado v2019.2 (64-bit)
  **** SW Build 2708876 on Wed Nov  6 21:39:14 MST 2019
  **** IP Build 2700528 on Thu Nov  7 00:09:20 MST 2019
    ** Copyright 1986-2019 Xilinx, Inc. All Rights Reserved.

source ultra96v2_0_axi_gpio_1_0.tcl -notrace
Command: synth_design -top ultra96v2_0_axi_gpio_1_0 -part xczu3eg-sbva484-1-e -mode out_of_context
Starting synth_design
Attempting to get a license for feature 'Synthesis' and/or device 'xczu3eg'
INFO: [Common 17-349] Got license for feature 'Synthesis' and/or device 'xczu3eg'
INFO: [Device 21-403] Loading part xczu3eg-sbva484-1-e
INFO: Launching helper process for spawning children vivado processes
INFO: Helper process launched with PID 17311 
---------------------------------------------------------------------------------
Starting RTL Elaboration : Time (s): cpu = 00:00:03 ; elapsed = 00:00:04 . Memory (MB): peak = 2412.578 ; gain = 0.000 ; free physical = 26067 ; free virtual = 30536
---------------------------------------------------------------------------------
INFO: [Synth 8-638] synthesizing module 'ultra96v2_0_axi_gpio_1_0' [/home/parallels/ultra96v2_0/ultra96v2_0.srcs/sources_1/bd/ultra96v2_0/ip/ultra96v2_0_axi_gpio_1_0/synth/ultra96v2_0_axi_gpio_1_0.vhd:86]
	Parameter C_FAMILY bound to: zynquplus - type: string 
	Parameter C_S_AXI_ADDR_WIDTH bound to: 9 - type: integer 
	Parameter C_S_AXI_DATA_WIDTH bound to: 32 - type: integer 
	Parameter C_GPIO_WIDTH bound to: 16 - type: integer 
	Parameter C_GPIO2_WIDTH bound to: 32 - type: integer 
	Parameter C_ALL_INPUTS bound to: 0 - type: integer 
	Parameter C_ALL_INPUTS_2 bound to: 0 - type: integer 
	Parameter C_ALL_OUTPUTS bound to: 0 - type: integer 
	Parameter C_ALL_OUTPUTS_2 bound to: 0 - type: integer 
	Parameter C_INTERRUPT_PRESENT bound to: 0 - type: integer 
	Parameter C_DOUT_DEFAULT bound to: 32'b00000000000000000000000000000000 
	Parameter C_TRI_DEFAULT bound to: 32'b11111111111111111111111111111111 
	Parameter C_IS_DUAL bound to: 0 - type: integer 
	Parameter C_DOUT_DEFAULT_2 bound to: 32'b00000000000000000000000000000000 
	Parameter C_TRI_DEFAULT_2 bound to: 32'b11111111111111111111111111111111 
INFO: [Synth 8-3491] module 'axi_gpio' declared at '/home/parallels/ultra96v2_0/ultra96v2_0.srcs/sources_1/bd/ultra96v2_0/ipshared/f71e/hdl/axi_gpio_v2_0_vh_rfs.vhd:1265' bound to instance 'U0' of component 'axi_gpio' [/home/parallels/ultra96v2_0/ultra96v2_0.srcs/sources_1/bd/ultra96v2_0/ip/ultra96v2_0_axi_gpio_1_0/synth/ultra96v2_0_axi_gpio_1_0.vhd:172]
INFO: [Synth 8-638] synthesizing module 'axi_gpio' [/home/parallels/ultra96v2_0/ultra96v2_0.srcs/sources_1/bd/ultra96v2_0/ipshared/f71e/hdl/axi_gpio_v2_0_vh_rfs.vhd:1351]
	Parameter C_FAMILY bound to: zynquplus - type: string 
	Parameter C_S_AXI_ADDR_WIDTH bound to: 9 - type: integer 
	Parameter C_S_AXI_DATA_WIDTH bound to: 32 - type: integer 
	Parameter C_GPIO_WIDTH bound to: 16 - type: integer 
	Parameter C_GPIO2_WIDTH bound to: 32 - type: integer 
	Parameter C_ALL_INPUTS bound to: 0 - type: integer 
	Parameter C_ALL_INPUTS_2 bound to: 0 - type: integer 
	Parameter C_ALL_OUTPUTS bound to: 0 - type: integer 
	Parameter C_ALL_OUTPUTS_2 bound to: 0 - type: integer 
	Parameter C_INTERRUPT_PRESENT bound to: 0 - type: integer 
	Parameter C_DOUT_DEFAULT bound to: 0 - type: integer 
	Parameter C_TRI_DEFAULT bound to: -1 - type: integer 
	Parameter C_IS_DUAL bound to: 0 - type: integer 
	Parameter C_DOUT_DEFAULT_2 bound to: 0 - type: integer 
	Parameter C_TRI_DEFAULT_2 bound to: -1 - type: integer 
INFO: [Synth 8-638] synthesizing module 'axi_lite_ipif' [/home/parallels/ultra96v2_0/ultra96v2_0.srcs/sources_1/bd/ultra96v2_0/ipshared/66ea/hdl/axi_lite_ipif_v3_0_vh_rfs.vhd:2948]
	Parameter C_S_AXI_DATA_WIDTH bound to: 32 - type: integer 
	Parameter C_S_AXI_ADDR_WIDTH bound to: 9 - type: integer 
	Parameter C_S_AXI_MIN_SIZE bound to: 32'b00000000000000000000000111111111 
	Parameter C_USE_WSTRB bound to: 0 - type: integer 
	Parameter C_DPHASE_TIMEOUT bound to: 8 - type: integer 
	Parameter C_ARD_ADDR_RANGE_ARRAY bound to: 128'b00000000000000000000000000000000000000000000000000000000000000000000000000000000000000000000000000000000000000000000000000001111 
	Parameter C_ARD_NUM_CE_ARRAY bound to: 32'b00000000000000000000000000000100 
	Parameter C_FAMILY bound to: zynquplus - type: string 
INFO: [Synth 8-638] synthesizing module 'slave_attachment' [/home/parallels/ultra96v2_0/ultra96v2_0.srcs/sources_1/bd/ultra96v2_0/ipshared/66ea/hdl/axi_lite_ipif_v3_0_vh_rfs.vhd:2341]
	Parameter C_ARD_ADDR_RANGE_ARRAY bound to: 128'b00000000000000000000000000000000000000000000000000000000000000000000000000000000000000000000000000000000000000000000000000001111 
	Parameter C_ARD_NUM_CE_ARRAY bound to: 32'b00000000000000000000000000000100 
	Parameter C_IPIF_ABUS_WIDTH bound to: 9 - type: integer 
	Parameter C_IPIF_DBUS_WIDTH bound to: 32 - type: integer 
	Parameter C_S_AXI_MIN_SIZE bound to: 511 - type: integer 
	Parameter C_USE_WSTRB bound to: 0 - type: integer 
	Parameter C_DPHASE_TIMEOUT bound to: 8 - type: integer 
	Parameter C_FAMILY bound to: zynquplus - type: string 
INFO: [Synth 8-638] synthesizing module 'address_decoder' [/home/parallels/ultra96v2_0/ultra96v2_0.srcs/sources_1/bd/ultra96v2_0/ipshared/66ea/hdl/axi_lite_ipif_v3_0_vh_rfs.vhd:1775]
	Parameter C_BUS_AWIDTH bound to: 9 - type: integer 
	Parameter C_S_AXI_MIN_SIZE bound to: 511 - type: integer 
	Parameter C_ARD_ADDR_RANGE_ARRAY bound to: 128'b00000000000000000000000000000000000000000000000000000000000000000000000000000000000000000000000000000000000000000000000000001111 
	Parameter C_ARD_NUM_CE_ARRAY bound to: 32'b00000000000000000000000000000100 
	Parameter C_FAMILY bound to: nofamily - type: string 
INFO: [Synth 8-638] synthesizing module 'pselect_f' [/home/parallels/ultra96v2_0/ultra96v2_0.srcs/sources_1/bd/ultra96v2_0/ipshared/66ea/hdl/axi_lite_ipif_v3_0_vh_rfs.vhd:1534]
	Parameter C_AB bound to: 2 - type: integer 
	Parameter C_AW bound to: 2 - type: integer 
	Parameter C_BAR bound to: 2'b00 
	Parameter C_FAMILY bound to: nofamily - type: string 
INFO: [Synth 8-256] done synthesizing module 'pselect_f' (1#1) [/home/parallels/ultra96v2_0/ultra96v2_0.srcs/sources_1/bd/ultra96v2_0/ipshared/66ea/hdl/axi_lite_ipif_v3_0_vh_rfs.vhd:1534]
INFO: [Synth 8-638] synthesizing module 'pselect_f__parameterized0' [/home/parallels/ultra96v2_0/ultra96v2_0.srcs/sources_1/bd/ultra96v2_0/ipshared/66ea/hdl/axi_lite_ipif_v3_0_vh_rfs.vhd:1534]
	Parameter C_AB bound to: 2 - type: integer 
	Parameter C_AW bound to: 2 - type: integer 
	Parameter C_BAR bound to: 2'b01 
	Parameter C_FAMILY bound to: nofamily - type: string 
INFO: [Synth 8-256] done synthesizing module 'pselect_f__parameterized0' (1#1) [/home/parallels/ultra96v2_0/ultra96v2_0.srcs/sources_1/bd/ultra96v2_0/ipshared/66ea/hdl/axi_lite_ipif_v3_0_vh_rfs.vhd:1534]
INFO: [Synth 8-638] synthesizing module 'pselect_f__parameterized1' [/home/parallels/ultra96v2_0/ultra96v2_0.srcs/sources_1/bd/ultra96v2_0/ipshared/66ea/hdl/axi_lite_ipif_v3_0_vh_rfs.vhd:1534]
	Parameter C_AB bound to: 2 - type: integer 
	Parameter C_AW bound to: 2 - type: integer 
	Parameter C_BAR bound to: 2'b10 
	Parameter C_FAMILY bound to: nofamily - type: string 
INFO: [Synth 8-256] done synthesizing module 'pselect_f__parameterized1' (1#1) [/home/parallels/ultra96v2_0/ultra96v2_0.srcs/sources_1/bd/ultra96v2_0/ipshared/66ea/hdl/axi_lite_ipif_v3_0_vh_rfs.vhd:1534]
INFO: [Synth 8-638] synthesizing module 'pselect_f__parameterized2' [/home/parallels/ultra96v2_0/ultra96v2_0.srcs/sources_1/bd/ultra96v2_0/ipshared/66ea/hdl/axi_lite_ipif_v3_0_vh_rfs.vhd:1534]
	Parameter C_AB bound to: 2 - type: integer 
	Parameter C_AW bound to: 2 - type: integer 
	Parameter C_BAR bound to: 2'b11 
	Parameter C_FAMILY bound to: nofamily - type: string 
INFO: [Synth 8-256] done synthesizing module 'pselect_f__parameterized2' (1#1) [/home/parallels/ultra96v2_0/ultra96v2_0.srcs/sources_1/bd/ultra96v2_0/ipshared/66ea/hdl/axi_lite_ipif_v3_0_vh_rfs.vhd:1534]
INFO: [Synth 8-256] done synthesizing module 'address_decoder' (2#1) [/home/parallels/ultra96v2_0/ultra96v2_0.srcs/sources_1/bd/ultra96v2_0/ipshared/66ea/hdl/axi_lite_ipif_v3_0_vh_rfs.vhd:1775]
INFO: [Synth 8-226] default block is never used [/home/parallels/ultra96v2_0/ultra96v2_0.srcs/sources_1/bd/ultra96v2_0/ipshared/66ea/hdl/axi_lite_ipif_v3_0_vh_rfs.vhd:2550]
INFO: [Synth 8-256] done synthesizing module 'slave_attachment' (3#1) [/home/parallels/ultra96v2_0/ultra96v2_0.srcs/sources_1/bd/ultra96v2_0/ipshared/66ea/hdl/axi_lite_ipif_v3_0_vh_rfs.vhd:2341]
INFO: [Synth 8-256] done synthesizing module 'axi_lite_ipif' (4#1) [/home/parallels/ultra96v2_0/ultra96v2_0.srcs/sources_1/bd/ultra96v2_0/ipshared/66ea/hdl/axi_lite_ipif_v3_0_vh_rfs.vhd:2948]
INFO: [Synth 8-638] synthesizing module 'GPIO_Core' [/home/parallels/ultra96v2_0/ultra96v2_0.srcs/sources_1/bd/ultra96v2_0/ipshared/f71e/hdl/axi_gpio_v2_0_vh_rfs.vhd:178]
	Parameter C_DW bound to: 32 - type: integer 
	Parameter C_AW bound to: 9 - type: integer 
	Parameter C_GPIO_WIDTH bound to: 16 - type: integer 
	Parameter C_GPIO2_WIDTH bound to: 32 - type: integer 
	Parameter C_MAX_GPIO_WIDTH bound to: 16 - type: integer 
	Parameter C_INTERRUPT_PRESENT bound to: 0 - type: integer 
	Parameter C_DOUT_DEFAULT bound to: 0 - type: integer 
	Parameter C_TRI_DEFAULT bound to: -1 - type: integer 
	Parameter C_IS_DUAL bound to: 0 - type: integer 
	Parameter C_ALL_OUTPUTS bound to: 0 - type: integer 
	Parameter C_ALL_OUTPUTS_2 bound to: 0 - type: integer 
	Parameter C_ALL_INPUTS bound to: 0 - type: integer 
	Parameter C_ALL_INPUTS_2 bound to: 0 - type: integer 
	Parameter C_DOUT_DEFAULT_2 bound to: 0 - type: integer 
	Parameter C_TRI_DEFAULT_2 bound to: -1 - type: integer 
	Parameter C_FAMILY bound to: zynquplus - type: string 
INFO: [Synth 8-226] default block is never used [/home/parallels/ultra96v2_0/ultra96v2_0.srcs/sources_1/bd/ultra96v2_0/ipshared/f71e/hdl/axi_gpio_v2_0_vh_rfs.vhd:443]
INFO: [Synth 8-638] synthesizing module 'cdc_sync' [/home/parallels/ultra96v2_0/ultra96v2_0.srcs/sources_1/bd/ultra96v2_0/ipshared/ef1e/hdl/lib_cdc_v1_0_rfs.vhd:106]
	Parameter C_CDC_TYPE bound to: 1 - type: integer 
	Parameter C_RESET_STATE bound to: 0 - type: integer 
	Parameter C_SINGLE_BIT bound to: 0 - type: integer 
	Parameter C_FLOP_INPUT bound to: 0 - type: integer 
	Parameter C_VECTOR_WIDTH bound to: 16 - type: integer 
	Parameter C_MTBF_STAGES bound to: 4 - type: integer 
	Parameter INIT bound to: 1'b0 
INFO: [Synth 8-113] binding component instance 'CROSS2_PLEVEL_IN2SCNDRY_IN_cdc_to' to cell 'FDR' [/home/parallels/ultra96v2_0/ultra96v2_0.srcs/sources_1/bd/ultra96v2_0/ipshared/ef1e/hdl/lib_cdc_v1_0_rfs.vhd:736]
	Parameter INIT bound to: 1'b0 
INFO: [Synth 8-113] binding component instance 'CROSS2_PLEVEL_IN2SCNDRY_IN_cdc_to' to cell 'FDR' [/home/parallels/ultra96v2_0/ultra96v2_0.srcs/sources_1/bd/ultra96v2_0/ipshared/ef1e/hdl/lib_cdc_v1_0_rfs.vhd:736]
	Parameter INIT bound to: 1'b0 
INFO: [Synth 8-113] binding component instance 'CROSS2_PLEVEL_IN2SCNDRY_IN_cdc_to' to cell 'FDR' [/home/parallels/ultra96v2_0/ultra96v2_0.srcs/sources_1/bd/ultra96v2_0/ipshared/ef1e/hdl/lib_cdc_v1_0_rfs.vhd:736]
	Parameter INIT bound to: 1'b0 
INFO: [Synth 8-113] binding component instance 'CROSS2_PLEVEL_IN2SCNDRY_IN_cdc_to' to cell 'FDR' [/home/parallels/ultra96v2_0/ultra96v2_0.srcs/sources_1/bd/ultra96v2_0/ipshared/ef1e/hdl/lib_cdc_v1_0_rfs.vhd:736]
	Parameter INIT bound to: 1'b0 
INFO: [Synth 8-113] binding component instance 'CROSS2_PLEVEL_IN2SCNDRY_IN_cdc_to' to cell 'FDR' [/home/parallels/ultra96v2_0/ultra96v2_0.srcs/sources_1/bd/ultra96v2_0/ipshared/ef1e/hdl/lib_cdc_v1_0_rfs.vhd:736]
	Parameter INIT bound to: 1'b0 
INFO: [Synth 8-113] binding component instance 'CROSS2_PLEVEL_IN2SCNDRY_IN_cdc_to' to cell 'FDR' [/home/parallels/ultra96v2_0/ultra96v2_0.srcs/sources_1/bd/ultra96v2_0/ipshared/ef1e/hdl/lib_cdc_v1_0_rfs.vhd:736]
	Parameter INIT bound to: 1'b0 
INFO: [Synth 8-113] binding component instance 'CROSS2_PLEVEL_IN2SCNDRY_IN_cdc_to' to cell 'FDR' [/home/parallels/ultra96v2_0/ultra96v2_0.srcs/sources_1/bd/ultra96v2_0/ipshared/ef1e/hdl/lib_cdc_v1_0_rfs.vhd:736]
	Parameter INIT bound to: 1'b0 
INFO: [Synth 8-113] binding component instance 'CROSS2_PLEVEL_IN2SCNDRY_IN_cdc_to' to cell 'FDR' [/home/parallels/ultra96v2_0/ultra96v2_0.srcs/sources_1/bd/ultra96v2_0/ipshared/ef1e/hdl/lib_cdc_v1_0_rfs.vhd:736]
	Parameter INIT bound to: 1'b0 
INFO: [Synth 8-113] binding component instance 'CROSS2_PLEVEL_IN2SCNDRY_IN_cdc_to' to cell 'FDR' [/home/parallels/ultra96v2_0/ultra96v2_0.srcs/sources_1/bd/ultra96v2_0/ipshared/ef1e/hdl/lib_cdc_v1_0_rfs.vhd:736]
	Parameter INIT bound to: 1'b0 
INFO: [Synth 8-113] binding component instance 'CROSS2_PLEVEL_IN2SCNDRY_IN_cdc_to' to cell 'FDR' [/home/parallels/ultra96v2_0/ultra96v2_0.srcs/sources_1/bd/ultra96v2_0/ipshared/ef1e/hdl/lib_cdc_v1_0_rfs.vhd:736]
	Parameter INIT bound to: 1'b0 
INFO: [Synth 8-113] binding component instance 'CROSS2_PLEVEL_IN2SCNDRY_IN_cdc_to' to cell 'FDR' [/home/parallels/ultra96v2_0/ultra96v2_0.srcs/sources_1/bd/ultra96v2_0/ipshared/ef1e/hdl/lib_cdc_v1_0_rfs.vhd:736]
	Parameter INIT bound to: 1'b0 
INFO: [Synth 8-113] binding component instance 'CROSS2_PLEVEL_IN2SCNDRY_IN_cdc_to' to cell 'FDR' [/home/parallels/ultra96v2_0/ultra96v2_0.srcs/sources_1/bd/ultra96v2_0/ipshared/ef1e/hdl/lib_cdc_v1_0_rfs.vhd:736]
	Parameter INIT bound to: 1'b0 
INFO: [Synth 8-113] binding component instance 'CROSS2_PLEVEL_IN2SCNDRY_IN_cdc_to' to cell 'FDR' [/home/parallels/ultra96v2_0/ultra96v2_0.srcs/sources_1/bd/ultra96v2_0/ipshared/ef1e/hdl/lib_cdc_v1_0_rfs.vhd:736]
	Parameter INIT bound to: 1'b0 
INFO: [Synth 8-113] binding component instance 'CROSS2_PLEVEL_IN2SCNDRY_IN_cdc_to' to cell 'FDR' [/home/parallels/ultra96v2_0/ultra96v2_0.srcs/sources_1/bd/ultra96v2_0/ipshared/ef1e/hdl/lib_cdc_v1_0_rfs.vhd:736]
	Parameter INIT bound to: 1'b0 
INFO: [Synth 8-113] binding component instance 'CROSS2_PLEVEL_IN2SCNDRY_IN_cdc_to' to cell 'FDR' [/home/parallels/ultra96v2_0/ultra96v2_0.srcs/sources_1/bd/ultra96v2_0/ipshared/ef1e/hdl/lib_cdc_v1_0_rfs.vhd:736]
	Parameter INIT bound to: 1'b0 
INFO: [Synth 8-113] binding component instance 'CROSS2_PLEVEL_IN2SCNDRY_IN_cdc_to' to cell 'FDR' [/home/parallels/ultra96v2_0/ultra96v2_0.srcs/sources_1/bd/ultra96v2_0/ipshared/ef1e/hdl/lib_cdc_v1_0_rfs.vhd:736]
	Parameter INIT bound to: 1'b0 
INFO: [Synth 8-113] binding component instance 'CROSS2_PLEVEL_IN2SCNDRY_s_level_out_bus_d2' to cell 'FDR' [/home/parallels/ultra96v2_0/ultra96v2_0.srcs/sources_1/bd/ultra96v2_0/ipshared/ef1e/hdl/lib_cdc_v1_0_rfs.vhd:772]
	Parameter INIT bound to: 1'b0 
INFO: [Synth 8-113] binding component instance 'CROSS2_PLEVEL_IN2SCNDRY_s_level_out_bus_d2' to cell 'FDR' [/home/parallels/ultra96v2_0/ultra96v2_0.srcs/sources_1/bd/ultra96v2_0/ipshared/ef1e/hdl/lib_cdc_v1_0_rfs.vhd:772]
	Parameter INIT bound to: 1'b0 
INFO: [Synth 8-113] binding component instance 'CROSS2_PLEVEL_IN2SCNDRY_s_level_out_bus_d2' to cell 'FDR' [/home/parallels/ultra96v2_0/ultra96v2_0.srcs/sources_1/bd/ultra96v2_0/ipshared/ef1e/hdl/lib_cdc_v1_0_rfs.vhd:772]
	Parameter INIT bound to: 1'b0 
INFO: [Synth 8-113] binding component instance 'CROSS2_PLEVEL_IN2SCNDRY_s_level_out_bus_d2' to cell 'FDR' [/home/parallels/ultra96v2_0/ultra96v2_0.srcs/sources_1/bd/ultra96v2_0/ipshared/ef1e/hdl/lib_cdc_v1_0_rfs.vhd:772]
	Parameter INIT bound to: 1'b0 
INFO: [Synth 8-113] binding component instance 'CROSS2_PLEVEL_IN2SCNDRY_s_level_out_bus_d2' to cell 'FDR' [/home/parallels/ultra96v2_0/ultra96v2_0.srcs/sources_1/bd/ultra96v2_0/ipshared/ef1e/hdl/lib_cdc_v1_0_rfs.vhd:772]
	Parameter INIT bound to: 1'b0 
INFO: [Synth 8-113] binding component instance 'CROSS2_PLEVEL_IN2SCNDRY_s_level_out_bus_d2' to cell 'FDR' [/home/parallels/ultra96v2_0/ultra96v2_0.srcs/sources_1/bd/ultra96v2_0/ipshared/ef1e/hdl/lib_cdc_v1_0_rfs.vhd:772]
	Parameter INIT bound to: 1'b0 
INFO: [Synth 8-113] binding component instance 'CROSS2_PLEVEL_IN2SCNDRY_s_level_out_bus_d2' to cell 'FDR' [/home/parallels/ultra96v2_0/ultra96v2_0.srcs/sources_1/bd/ultra96v2_0/ipshared/ef1e/hdl/lib_cdc_v1_0_rfs.vhd:772]
	Parameter INIT bound to: 1'b0 
INFO: [Synth 8-113] binding component instance 'CROSS2_PLEVEL_IN2SCNDRY_s_level_out_bus_d2' to cell 'FDR' [/home/parallels/ultra96v2_0/ultra96v2_0.srcs/sources_1/bd/ultra96v2_0/ipshared/ef1e/hdl/lib_cdc_v1_0_rfs.vhd:772]
	Parameter INIT bound to: 1'b0 
INFO: [Synth 8-113] binding component instance 'CROSS2_PLEVEL_IN2SCNDRY_s_level_out_bus_d2' to cell 'FDR' [/home/parallels/ultra96v2_0/ultra96v2_0.srcs/sources_1/bd/ultra96v2_0/ipshared/ef1e/hdl/lib_cdc_v1_0_rfs.vhd:772]
	Parameter INIT bound to: 1'b0 
INFO: [Synth 8-113] binding component instance 'CROSS2_PLEVEL_IN2SCNDRY_s_level_out_bus_d2' to cell 'FDR' [/home/parallels/ultra96v2_0/ultra96v2_0.srcs/sources_1/bd/ultra96v2_0/ipshared/ef1e/hdl/lib_cdc_v1_0_rfs.vhd:772]
	Parameter INIT bound to: 1'b0 
INFO: [Synth 8-113] binding component instance 'CROSS2_PLEVEL_IN2SCNDRY_s_level_out_bus_d2' to cell 'FDR' [/home/parallels/ultra96v2_0/ultra96v2_0.srcs/sources_1/bd/ultra96v2_0/ipshared/ef1e/hdl/lib_cdc_v1_0_rfs.vhd:772]
	Parameter INIT bound to: 1'b0 
INFO: [Synth 8-113] binding component instance 'CROSS2_PLEVEL_IN2SCNDRY_s_level_out_bus_d2' to cell 'FDR' [/home/parallels/ultra96v2_0/ultra96v2_0.srcs/sources_1/bd/ultra96v2_0/ipshared/ef1e/hdl/lib_cdc_v1_0_rfs.vhd:772]
	Parameter INIT bound to: 1'b0 
INFO: [Synth 8-113] binding component instance 'CROSS2_PLEVEL_IN2SCNDRY_s_level_out_bus_d2' to cell 'FDR' [/home/parallels/ultra96v2_0/ultra96v2_0.srcs/sources_1/bd/ultra96v2_0/ipshared/ef1e/hdl/lib_cdc_v1_0_rfs.vhd:772]
	Parameter INIT bound to: 1'b0 
INFO: [Synth 8-113] binding component instance 'CROSS2_PLEVEL_IN2SCNDRY_s_level_out_bus_d2' to cell 'FDR' [/home/parallels/ultra96v2_0/ultra96v2_0.srcs/sources_1/bd/ultra96v2_0/ipshared/ef1e/hdl/lib_cdc_v1_0_rfs.vhd:772]
	Parameter INIT bound to: 1'b0 
INFO: [Synth 8-113] binding component instance 'CROSS2_PLEVEL_IN2SCNDRY_s_level_out_bus_d2' to cell 'FDR' [/home/parallels/ultra96v2_0/ultra96v2_0.srcs/sources_1/bd/ultra96v2_0/ipshared/ef1e/hdl/lib_cdc_v1_0_rfs.vhd:772]
	Parameter INIT bound to: 1'b0 
INFO: [Synth 8-113] binding component instance 'CROSS2_PLEVEL_IN2SCNDRY_s_level_out_bus_d2' to cell 'FDR' [/home/parallels/ultra96v2_0/ultra96v2_0.srcs/sources_1/bd/ultra96v2_0/ipshared/ef1e/hdl/lib_cdc_v1_0_rfs.vhd:772]
	Parameter INIT bound to: 1'b0 
INFO: [Synth 8-113] binding component instance 'CROSS2_PLEVEL_IN2SCNDRY_s_level_out_bus_d3' to cell 'FDR' [/home/parallels/ultra96v2_0/ultra96v2_0.srcs/sources_1/bd/ultra96v2_0/ipshared/ef1e/hdl/lib_cdc_v1_0_rfs.vhd:788]
	Parameter INIT bound to: 1'b0 
INFO: [Synth 8-113] binding component instance 'CROSS2_PLEVEL_IN2SCNDRY_s_level_out_bus_d3' to cell 'FDR' [/home/parallels/ultra96v2_0/ultra96v2_0.srcs/sources_1/bd/ultra96v2_0/ipshared/ef1e/hdl/lib_cdc_v1_0_rfs.vhd:788]
	Parameter INIT bound to: 1'b0 
INFO: [Synth 8-113] binding component instance 'CROSS2_PLEVEL_IN2SCNDRY_s_level_out_bus_d3' to cell 'FDR' [/home/parallels/ultra96v2_0/ultra96v2_0.srcs/sources_1/bd/ultra96v2_0/ipshared/ef1e/hdl/lib_cdc_v1_0_rfs.vhd:788]
	Parameter INIT bound to: 1'b0 
INFO: [Synth 8-113] binding component instance 'CROSS2_PLEVEL_IN2SCNDRY_s_level_out_bus_d3' to cell 'FDR' [/home/parallels/ultra96v2_0/ultra96v2_0.srcs/sources_1/bd/ultra96v2_0/ipshared/ef1e/hdl/lib_cdc_v1_0_rfs.vhd:788]
	Parameter INIT bound to: 1'b0 
INFO: [Synth 8-113] binding component instance 'CROSS2_PLEVEL_IN2SCNDRY_s_level_out_bus_d3' to cell 'FDR' [/home/parallels/ultra96v2_0/ultra96v2_0.srcs/sources_1/bd/ultra96v2_0/ipshared/ef1e/hdl/lib_cdc_v1_0_rfs.vhd:788]
	Parameter INIT bound to: 1'b0 
INFO: [Synth 8-113] binding component instance 'CROSS2_PLEVEL_IN2SCNDRY_s_level_out_bus_d3' to cell 'FDR' [/home/parallels/ultra96v2_0/ultra96v2_0.srcs/sources_1/bd/ultra96v2_0/ipshared/ef1e/hdl/lib_cdc_v1_0_rfs.vhd:788]
	Parameter INIT bound to: 1'b0 
INFO: [Synth 8-113] binding component instance 'CROSS2_PLEVEL_IN2SCNDRY_s_level_out_bus_d3' to cell 'FDR' [/home/parallels/ultra96v2_0/ultra96v2_0.srcs/sources_1/bd/ultra96v2_0/ipshared/ef1e/hdl/lib_cdc_v1_0_rfs.vhd:788]
	Parameter INIT bound to: 1'b0 
INFO: [Synth 8-113] binding component instance 'CROSS2_PLEVEL_IN2SCNDRY_s_level_out_bus_d3' to cell 'FDR' [/home/parallels/ultra96v2_0/ultra96v2_0.srcs/sources_1/bd/ultra96v2_0/ipshared/ef1e/hdl/lib_cdc_v1_0_rfs.vhd:788]
	Parameter INIT bound to: 1'b0 
INFO: [Synth 8-113] binding component instance 'CROSS2_PLEVEL_IN2SCNDRY_s_level_out_bus_d3' to cell 'FDR' [/home/parallels/ultra96v2_0/ultra96v2_0.srcs/sources_1/bd/ultra96v2_0/ipshared/ef1e/hdl/lib_cdc_v1_0_rfs.vhd:788]
	Parameter INIT bound to: 1'b0 
INFO: [Synth 8-113] binding component instance 'CROSS2_PLEVEL_IN2SCNDRY_s_level_out_bus_d3' to cell 'FDR' [/home/parallels/ultra96v2_0/ultra96v2_0.srcs/sources_1/bd/ultra96v2_0/ipshared/ef1e/hdl/lib_cdc_v1_0_rfs.vhd:788]
	Parameter INIT bound to: 1'b0 
INFO: [Synth 8-113] binding component instance 'CROSS2_PLEVEL_IN2SCNDRY_s_level_out_bus_d3' to cell 'FDR' [/home/parallels/ultra96v2_0/ultra96v2_0.srcs/sources_1/bd/ultra96v2_0/ipshared/ef1e/hdl/lib_cdc_v1_0_rfs.vhd:788]
	Parameter INIT bound to: 1'b0 
INFO: [Synth 8-113] binding component instance 'CROSS2_PLEVEL_IN2SCNDRY_s_level_out_bus_d3' to cell 'FDR' [/home/parallels/ultra96v2_0/ultra96v2_0.srcs/sources_1/bd/ultra96v2_0/ipshared/ef1e/hdl/lib_cdc_v1_0_rfs.vhd:788]
	Parameter INIT bound to: 1'b0 
INFO: [Synth 8-113] binding component instance 'CROSS2_PLEVEL_IN2SCNDRY_s_level_out_bus_d3' to cell 'FDR' [/home/parallels/ultra96v2_0/ultra96v2_0.srcs/sources_1/bd/ultra96v2_0/ipshared/ef1e/hdl/lib_cdc_v1_0_rfs.vhd:788]
	Parameter INIT bound to: 1'b0 
INFO: [Synth 8-113] binding component instance 'CROSS2_PLEVEL_IN2SCNDRY_s_level_out_bus_d3' to cell 'FDR' [/home/parallels/ultra96v2_0/ultra96v2_0.srcs/sources_1/bd/ultra96v2_0/ipshared/ef1e/hdl/lib_cdc_v1_0_rfs.vhd:788]
	Parameter INIT bound to: 1'b0 
INFO: [Synth 8-113] binding component instance 'CROSS2_PLEVEL_IN2SCNDRY_s_level_out_bus_d3' to cell 'FDR' [/home/parallels/ultra96v2_0/ultra96v2_0.srcs/sources_1/bd/ultra96v2_0/ipshared/ef1e/hdl/lib_cdc_v1_0_rfs.vhd:788]
	Parameter INIT bound to: 1'b0 
INFO: [Synth 8-113] binding component instance 'CROSS2_PLEVEL_IN2SCNDRY_s_level_out_bus_d3' to cell 'FDR' [/home/parallels/ultra96v2_0/ultra96v2_0.srcs/sources_1/bd/ultra96v2_0/ipshared/ef1e/hdl/lib_cdc_v1_0_rfs.vhd:788]
	Parameter INIT bound to: 1'b0 
INFO: [Synth 8-113] binding component instance 'CROSS2_PLEVEL_IN2SCNDRY_s_level_out_bus_d4' to cell 'FDR' [/home/parallels/ultra96v2_0/ultra96v2_0.srcs/sources_1/bd/ultra96v2_0/ipshared/ef1e/hdl/lib_cdc_v1_0_rfs.vhd:804]
	Parameter INIT bound to: 1'b0 
INFO: [Synth 8-113] binding component instance 'CROSS2_PLEVEL_IN2SCNDRY_s_level_out_bus_d4' to cell 'FDR' [/home/parallels/ultra96v2_0/ultra96v2_0.srcs/sources_1/bd/ultra96v2_0/ipshared/ef1e/hdl/lib_cdc_v1_0_rfs.vhd:804]
	Parameter INIT bound to: 1'b0 
INFO: [Synth 8-113] binding component instance 'CROSS2_PLEVEL_IN2SCNDRY_s_level_out_bus_d4' to cell 'FDR' [/home/parallels/ultra96v2_0/ultra96v2_0.srcs/sources_1/bd/ultra96v2_0/ipshared/ef1e/hdl/lib_cdc_v1_0_rfs.vhd:804]
	Parameter INIT bound to: 1'b0 
INFO: [Synth 8-113] binding component instance 'CROSS2_PLEVEL_IN2SCNDRY_s_level_out_bus_d4' to cell 'FDR' [/home/parallels/ultra96v2_0/ultra96v2_0.srcs/sources_1/bd/ultra96v2_0/ipshared/ef1e/hdl/lib_cdc_v1_0_rfs.vhd:804]
	Parameter INIT bound to: 1'b0 
INFO: [Synth 8-113] binding component instance 'CROSS2_PLEVEL_IN2SCNDRY_s_level_out_bus_d4' to cell 'FDR' [/home/parallels/ultra96v2_0/ultra96v2_0.srcs/sources_1/bd/ultra96v2_0/ipshared/ef1e/hdl/lib_cdc_v1_0_rfs.vhd:804]
	Parameter INIT bound to: 1'b0 
INFO: [Synth 8-113] binding component instance 'CROSS2_PLEVEL_IN2SCNDRY_s_level_out_bus_d4' to cell 'FDR' [/home/parallels/ultra96v2_0/ultra96v2_0.srcs/sources_1/bd/ultra96v2_0/ipshared/ef1e/hdl/lib_cdc_v1_0_rfs.vhd:804]
	Parameter INIT bound to: 1'b0 
INFO: [Synth 8-113] binding component instance 'CROSS2_PLEVEL_IN2SCNDRY_s_level_out_bus_d4' to cell 'FDR' [/home/parallels/ultra96v2_0/ultra96v2_0.srcs/sources_1/bd/ultra96v2_0/ipshared/ef1e/hdl/lib_cdc_v1_0_rfs.vhd:804]
	Parameter INIT bound to: 1'b0 
INFO: [Synth 8-113] binding component instance 'CROSS2_PLEVEL_IN2SCNDRY_s_level_out_bus_d4' to cell 'FDR' [/home/parallels/ultra96v2_0/ultra96v2_0.srcs/sources_1/bd/ultra96v2_0/ipshared/ef1e/hdl/lib_cdc_v1_0_rfs.vhd:804]
	Parameter INIT bound to: 1'b0 
INFO: [Synth 8-113] binding component instance 'CROSS2_PLEVEL_IN2SCNDRY_s_level_out_bus_d4' to cell 'FDR' [/home/parallels/ultra96v2_0/ultra96v2_0.srcs/sources_1/bd/ultra96v2_0/ipshared/ef1e/hdl/lib_cdc_v1_0_rfs.vhd:804]
	Parameter INIT bound to: 1'b0 
INFO: [Synth 8-113] binding component instance 'CROSS2_PLEVEL_IN2SCNDRY_s_level_out_bus_d4' to cell 'FDR' [/home/parallels/ultra96v2_0/ultra96v2_0.srcs/sources_1/bd/ultra96v2_0/ipshared/ef1e/hdl/lib_cdc_v1_0_rfs.vhd:804]
	Parameter INIT bound to: 1'b0 
INFO: [Synth 8-113] binding component instance 'CROSS2_PLEVEL_IN2SCNDRY_s_level_out_bus_d4' to cell 'FDR' [/home/parallels/ultra96v2_0/ultra96v2_0.srcs/sources_1/bd/ultra96v2_0/ipshared/ef1e/hdl/lib_cdc_v1_0_rfs.vhd:804]
	Parameter INIT bound to: 1'b0 
INFO: [Synth 8-113] binding component instance 'CROSS2_PLEVEL_IN2SCNDRY_s_level_out_bus_d4' to cell 'FDR' [/home/parallels/ultra96v2_0/ultra96v2_0.srcs/sources_1/bd/ultra96v2_0/ipshared/ef1e/hdl/lib_cdc_v1_0_rfs.vhd:804]
	Parameter INIT bound to: 1'b0 
INFO: [Synth 8-113] binding component instance 'CROSS2_PLEVEL_IN2SCNDRY_s_level_out_bus_d4' to cell 'FDR' [/home/parallels/ultra96v2_0/ultra96v2_0.srcs/sources_1/bd/ultra96v2_0/ipshared/ef1e/hdl/lib_cdc_v1_0_rfs.vhd:804]
	Parameter INIT bound to: 1'b0 
INFO: [Synth 8-113] binding component instance 'CROSS2_PLEVEL_IN2SCNDRY_s_level_out_bus_d4' to cell 'FDR' [/home/parallels/ultra96v2_0/ultra96v2_0.srcs/sources_1/bd/ultra96v2_0/ipshared/ef1e/hdl/lib_cdc_v1_0_rfs.vhd:804]
	Parameter INIT bound to: 1'b0 
INFO: [Synth 8-113] binding component instance 'CROSS2_PLEVEL_IN2SCNDRY_s_level_out_bus_d4' to cell 'FDR' [/home/parallels/ultra96v2_0/ultra96v2_0.srcs/sources_1/bd/ultra96v2_0/ipshared/ef1e/hdl/lib_cdc_v1_0_rfs.vhd:804]
	Parameter INIT bound to: 1'b0 
INFO: [Synth 8-113] binding component instance 'CROSS2_PLEVEL_IN2SCNDRY_s_level_out_bus_d4' to cell 'FDR' [/home/parallels/ultra96v2_0/ultra96v2_0.srcs/sources_1/bd/ultra96v2_0/ipshared/ef1e/hdl/lib_cdc_v1_0_rfs.vhd:804]
	Parameter INIT bound to: 1'b0 
INFO: [Synth 8-113] binding component instance 'CROSS2_PLEVEL_IN2SCNDRY_s_level_out_bus_d5' to cell 'FDR' [/home/parallels/ultra96v2_0/ultra96v2_0.srcs/sources_1/bd/ultra96v2_0/ipshared/ef1e/hdl/lib_cdc_v1_0_rfs.vhd:821]
	Parameter INIT bound to: 1'b0 
INFO: [Synth 8-113] binding component instance 'CROSS2_PLEVEL_IN2SCNDRY_s_level_out_bus_d5' to cell 'FDR' [/home/parallels/ultra96v2_0/ultra96v2_0.srcs/sources_1/bd/ultra96v2_0/ipshared/ef1e/hdl/lib_cdc_v1_0_rfs.vhd:821]
	Parameter INIT bound to: 1'b0 
INFO: [Synth 8-113] binding component instance 'CROSS2_PLEVEL_IN2SCNDRY_s_level_out_bus_d5' to cell 'FDR' [/home/parallels/ultra96v2_0/ultra96v2_0.srcs/sources_1/bd/ultra96v2_0/ipshared/ef1e/hdl/lib_cdc_v1_0_rfs.vhd:821]
	Parameter INIT bound to: 1'b0 
INFO: [Synth 8-113] binding component instance 'CROSS2_PLEVEL_IN2SCNDRY_s_level_out_bus_d5' to cell 'FDR' [/home/parallels/ultra96v2_0/ultra96v2_0.srcs/sources_1/bd/ultra96v2_0/ipshared/ef1e/hdl/lib_cdc_v1_0_rfs.vhd:821]
	Parameter INIT bound to: 1'b0 
INFO: [Synth 8-113] binding component instance 'CROSS2_PLEVEL_IN2SCNDRY_s_level_out_bus_d5' to cell 'FDR' [/home/parallels/ultra96v2_0/ultra96v2_0.srcs/sources_1/bd/ultra96v2_0/ipshared/ef1e/hdl/lib_cdc_v1_0_rfs.vhd:821]
	Parameter INIT bound to: 1'b0 
INFO: [Synth 8-113] binding component instance 'CROSS2_PLEVEL_IN2SCNDRY_s_level_out_bus_d5' to cell 'FDR' [/home/parallels/ultra96v2_0/ultra96v2_0.srcs/sources_1/bd/ultra96v2_0/ipshared/ef1e/hdl/lib_cdc_v1_0_rfs.vhd:821]
	Parameter INIT bound to: 1'b0 
INFO: [Synth 8-113] binding component instance 'CROSS2_PLEVEL_IN2SCNDRY_s_level_out_bus_d5' to cell 'FDR' [/home/parallels/ultra96v2_0/ultra96v2_0.srcs/sources_1/bd/ultra96v2_0/ipshared/ef1e/hdl/lib_cdc_v1_0_rfs.vhd:821]
	Parameter INIT bound to: 1'b0 
INFO: [Synth 8-113] binding component instance 'CROSS2_PLEVEL_IN2SCNDRY_s_level_out_bus_d5' to cell 'FDR' [/home/parallels/ultra96v2_0/ultra96v2_0.srcs/sources_1/bd/ultra96v2_0/ipshared/ef1e/hdl/lib_cdc_v1_0_rfs.vhd:821]
	Parameter INIT bound to: 1'b0 
INFO: [Synth 8-113] binding component instance 'CROSS2_PLEVEL_IN2SCNDRY_s_level_out_bus_d5' to cell 'FDR' [/home/parallels/ultra96v2_0/ultra96v2_0.srcs/sources_1/bd/ultra96v2_0/ipshared/ef1e/hdl/lib_cdc_v1_0_rfs.vhd:821]
	Parameter INIT bound to: 1'b0 
INFO: [Synth 8-113] binding component instance 'CROSS2_PLEVEL_IN2SCNDRY_s_level_out_bus_d5' to cell 'FDR' [/home/parallels/ultra96v2_0/ultra96v2_0.srcs/sources_1/bd/ultra96v2_0/ipshared/ef1e/hdl/lib_cdc_v1_0_rfs.vhd:821]
	Parameter INIT bound to: 1'b0 
INFO: [Synth 8-113] binding component instance 'CROSS2_PLEVEL_IN2SCNDRY_s_level_out_bus_d5' to cell 'FDR' [/home/parallels/ultra96v2_0/ultra96v2_0.srcs/sources_1/bd/ultra96v2_0/ipshared/ef1e/hdl/lib_cdc_v1_0_rfs.vhd:821]
	Parameter INIT bound to: 1'b0 
INFO: [Synth 8-113] binding component instance 'CROSS2_PLEVEL_IN2SCNDRY_s_level_out_bus_d5' to cell 'FDR' [/home/parallels/ultra96v2_0/ultra96v2_0.srcs/sources_1/bd/ultra96v2_0/ipshared/ef1e/hdl/lib_cdc_v1_0_rfs.vhd:821]
	Parameter INIT bound to: 1'b0 
INFO: [Synth 8-113] binding component instance 'CROSS2_PLEVEL_IN2SCNDRY_s_level_out_bus_d5' to cell 'FDR' [/home/parallels/ultra96v2_0/ultra96v2_0.srcs/sources_1/bd/ultra96v2_0/ipshared/ef1e/hdl/lib_cdc_v1_0_rfs.vhd:821]
	Parameter INIT bound to: 1'b0 
INFO: [Synth 8-113] binding component instance 'CROSS2_PLEVEL_IN2SCNDRY_s_level_out_bus_d5' to cell 'FDR' [/home/parallels/ultra96v2_0/ultra96v2_0.srcs/sources_1/bd/ultra96v2_0/ipshared/ef1e/hdl/lib_cdc_v1_0_rfs.vhd:821]
	Parameter INIT bound to: 1'b0 
INFO: [Synth 8-113] binding component instance 'CROSS2_PLEVEL_IN2SCNDRY_s_level_out_bus_d5' to cell 'FDR' [/home/parallels/ultra96v2_0/ultra96v2_0.srcs/sources_1/bd/ultra96v2_0/ipshared/ef1e/hdl/lib_cdc_v1_0_rfs.vhd:821]
	Parameter INIT bound to: 1'b0 
INFO: [Synth 8-113] binding component instance 'CROSS2_PLEVEL_IN2SCNDRY_s_level_out_bus_d5' to cell 'FDR' [/home/parallels/ultra96v2_0/ultra96v2_0.srcs/sources_1/bd/ultra96v2_0/ipshared/ef1e/hdl/lib_cdc_v1_0_rfs.vhd:821]
	Parameter INIT bound to: 1'b0 
INFO: [Synth 8-113] binding component instance 'CROSS2_PLEVEL_IN2SCNDRY_s_level_out_bus_d6' to cell 'FDR' [/home/parallels/ultra96v2_0/ultra96v2_0.srcs/sources_1/bd/ultra96v2_0/ipshared/ef1e/hdl/lib_cdc_v1_0_rfs.vhd:837]
	Parameter INIT bound to: 1'b0 
INFO: [Synth 8-113] binding component instance 'CROSS2_PLEVEL_IN2SCNDRY_s_level_out_bus_d6' to cell 'FDR' [/home/parallels/ultra96v2_0/ultra96v2_0.srcs/sources_1/bd/ultra96v2_0/ipshared/ef1e/hdl/lib_cdc_v1_0_rfs.vhd:837]
	Parameter INIT bound to: 1'b0 
INFO: [Synth 8-113] binding component instance 'CROSS2_PLEVEL_IN2SCNDRY_s_level_out_bus_d6' to cell 'FDR' [/home/parallels/ultra96v2_0/ultra96v2_0.srcs/sources_1/bd/ultra96v2_0/ipshared/ef1e/hdl/lib_cdc_v1_0_rfs.vhd:837]
	Parameter INIT bound to: 1'b0 
INFO: [Synth 8-113] binding component instance 'CROSS2_PLEVEL_IN2SCNDRY_s_level_out_bus_d6' to cell 'FDR' [/home/parallels/ultra96v2_0/ultra96v2_0.srcs/sources_1/bd/ultra96v2_0/ipshared/ef1e/hdl/lib_cdc_v1_0_rfs.vhd:837]
	Parameter INIT bound to: 1'b0 
INFO: [Synth 8-113] binding component instance 'CROSS2_PLEVEL_IN2SCNDRY_s_level_out_bus_d6' to cell 'FDR' [/home/parallels/ultra96v2_0/ultra96v2_0.srcs/sources_1/bd/ultra96v2_0/ipshared/ef1e/hdl/lib_cdc_v1_0_rfs.vhd:837]
	Parameter INIT bound to: 1'b0 
INFO: [Synth 8-113] binding component instance 'CROSS2_PLEVEL_IN2SCNDRY_s_level_out_bus_d6' to cell 'FDR' [/home/parallels/ultra96v2_0/ultra96v2_0.srcs/sources_1/bd/ultra96v2_0/ipshared/ef1e/hdl/lib_cdc_v1_0_rfs.vhd:837]
	Parameter INIT bound to: 1'b0 
INFO: [Synth 8-113] binding component instance 'CROSS2_PLEVEL_IN2SCNDRY_s_level_out_bus_d6' to cell 'FDR' [/home/parallels/ultra96v2_0/ultra96v2_0.srcs/sources_1/bd/ultra96v2_0/ipshared/ef1e/hdl/lib_cdc_v1_0_rfs.vhd:837]
	Parameter INIT bound to: 1'b0 
INFO: [Synth 8-113] binding component instance 'CROSS2_PLEVEL_IN2SCNDRY_s_level_out_bus_d6' to cell 'FDR' [/home/parallels/ultra96v2_0/ultra96v2_0.srcs/sources_1/bd/ultra96v2_0/ipshared/ef1e/hdl/lib_cdc_v1_0_rfs.vhd:837]
	Parameter INIT bound to: 1'b0 
INFO: [Synth 8-113] binding component instance 'CROSS2_PLEVEL_IN2SCNDRY_s_level_out_bus_d6' to cell 'FDR' [/home/parallels/ultra96v2_0/ultra96v2_0.srcs/sources_1/bd/ultra96v2_0/ipshared/ef1e/hdl/lib_cdc_v1_0_rfs.vhd:837]
	Parameter INIT bound to: 1'b0 
INFO: [Synth 8-113] binding component instance 'CROSS2_PLEVEL_IN2SCNDRY_s_level_out_bus_d6' to cell 'FDR' [/home/parallels/ultra96v2_0/ultra96v2_0.srcs/sources_1/bd/ultra96v2_0/ipshared/ef1e/hdl/lib_cdc_v1_0_rfs.vhd:837]
	Parameter INIT bound to: 1'b0 
INFO: [Synth 8-113] binding component instance 'CROSS2_PLEVEL_IN2SCNDRY_s_level_out_bus_d6' to cell 'FDR' [/home/parallels/ultra96v2_0/ultra96v2_0.srcs/sources_1/bd/ultra96v2_0/ipshared/ef1e/hdl/lib_cdc_v1_0_rfs.vhd:837]
	Parameter INIT bound to: 1'b0 
INFO: [Synth 8-113] binding component instance 'CROSS2_PLEVEL_IN2SCNDRY_s_level_out_bus_d6' to cell 'FDR' [/home/parallels/ultra96v2_0/ultra96v2_0.srcs/sources_1/bd/ultra96v2_0/ipshared/ef1e/hdl/lib_cdc_v1_0_rfs.vhd:837]
	Parameter INIT bound to: 1'b0 
INFO: [Synth 8-113] binding component instance 'CROSS2_PLEVEL_IN2SCNDRY_s_level_out_bus_d6' to cell 'FDR' [/home/parallels/ultra96v2_0/ultra96v2_0.srcs/sources_1/bd/ultra96v2_0/ipshared/ef1e/hdl/lib_cdc_v1_0_rfs.vhd:837]
	Parameter INIT bound to: 1'b0 
INFO: [Synth 8-113] binding component instance 'CROSS2_PLEVEL_IN2SCNDRY_s_level_out_bus_d6' to cell 'FDR' [/home/parallels/ultra96v2_0/ultra96v2_0.srcs/sources_1/bd/ultra96v2_0/ipshared/ef1e/hdl/lib_cdc_v1_0_rfs.vhd:837]
	Parameter INIT bound to: 1'b0 
INFO: [Synth 8-113] binding component instance 'CROSS2_PLEVEL_IN2SCNDRY_s_level_out_bus_d6' to cell 'FDR' [/home/parallels/ultra96v2_0/ultra96v2_0.srcs/sources_1/bd/ultra96v2_0/ipshared/ef1e/hdl/lib_cdc_v1_0_rfs.vhd:837]
	Parameter INIT bound to: 1'b0 
INFO: [Synth 8-113] binding component instance 'CROSS2_PLEVEL_IN2SCNDRY_s_level_out_bus_d6' to cell 'FDR' [/home/parallels/ultra96v2_0/ultra96v2_0.srcs/sources_1/bd/ultra96v2_0/ipshared/ef1e/hdl/lib_cdc_v1_0_rfs.vhd:837]
INFO: [Synth 8-256] done synthesizing module 'cdc_sync' (5#1) [/home/parallels/ultra96v2_0/ultra96v2_0.srcs/sources_1/bd/ultra96v2_0/ipshared/ef1e/hdl/lib_cdc_v1_0_rfs.vhd:106]
WARNING: [Synth 8-6014] Unused sequential element Not_Dual.ALLOUT0_ND.READ_REG_GEN[0].GPIO_DBus_i_reg was removed.  [/home/parallels/ultra96v2_0/ultra96v2_0.srcs/sources_1/bd/ultra96v2_0/ipshared/f71e/hdl/axi_gpio_v2_0_vh_rfs.vhd:384]
WARNING: [Synth 8-6014] Unused sequential element Not_Dual.ALLOUT0_ND.READ_REG_GEN[1].GPIO_DBus_i_reg was removed.  [/home/parallels/ultra96v2_0/ultra96v2_0.srcs/sources_1/bd/ultra96v2_0/ipshared/f71e/hdl/axi_gpio_v2_0_vh_rfs.vhd:384]
WARNING: [Synth 8-6014] Unused sequential element Not_Dual.ALLOUT0_ND.READ_REG_GEN[2].GPIO_DBus_i_reg was removed.  [/home/parallels/ultra96v2_0/ultra96v2_0.srcs/sources_1/bd/ultra96v2_0/ipshared/f71e/hdl/axi_gpio_v2_0_vh_rfs.vhd:384]
WARNING: [Synth 8-6014] Unused sequential element Not_Dual.ALLOUT0_ND.READ_REG_GEN[3].GPIO_DBus_i_reg was removed.  [/home/parallels/ultra96v2_0/ultra96v2_0.srcs/sources_1/bd/ultra96v2_0/ipshared/f71e/hdl/axi_gpio_v2_0_vh_rfs.vhd:384]
WARNING: [Synth 8-6014] Unused sequential element Not_Dual.ALLOUT0_ND.READ_REG_GEN[4].GPIO_DBus_i_reg was removed.  [/home/parallels/ultra96v2_0/ultra96v2_0.srcs/sources_1/bd/ultra96v2_0/ipshared/f71e/hdl/axi_gpio_v2_0_vh_rfs.vhd:384]
WARNING: [Synth 8-6014] Unused sequential element Not_Dual.ALLOUT0_ND.READ_REG_GEN[5].GPIO_DBus_i_reg was removed.  [/home/parallels/ultra96v2_0/ultra96v2_0.srcs/sources_1/bd/ultra96v2_0/ipshared/f71e/hdl/axi_gpio_v2_0_vh_rfs.vhd:384]
WARNING: [Synth 8-6014] Unused sequential element Not_Dual.ALLOUT0_ND.READ_REG_GEN[6].GPIO_DBus_i_reg was removed.  [/home/parallels/ultra96v2_0/ultra96v2_0.srcs/sources_1/bd/ultra96v2_0/ipshared/f71e/hdl/axi_gpio_v2_0_vh_rfs.vhd:384]
WARNING: [Synth 8-6014] Unused sequential element Not_Dual.ALLOUT0_ND.READ_REG_GEN[7].GPIO_DBus_i_reg was removed.  [/home/parallels/ultra96v2_0/ultra96v2_0.srcs/sources_1/bd/ultra96v2_0/ipshared/f71e/hdl/axi_gpio_v2_0_vh_rfs.vhd:384]
WARNING: [Synth 8-6014] Unused sequential element Not_Dual.ALLOUT0_ND.READ_REG_GEN[8].GPIO_DBus_i_reg was removed.  [/home/parallels/ultra96v2_0/ultra96v2_0.srcs/sources_1/bd/ultra96v2_0/ipshared/f71e/hdl/axi_gpio_v2_0_vh_rfs.vhd:384]
WARNING: [Synth 8-6014] Unused sequential element Not_Dual.ALLOUT0_ND.READ_REG_GEN[9].GPIO_DBus_i_reg was removed.  [/home/parallels/ultra96v2_0/ultra96v2_0.srcs/sources_1/bd/ultra96v2_0/ipshared/f71e/hdl/axi_gpio_v2_0_vh_rfs.vhd:384]
WARNING: [Synth 8-6014] Unused sequential element Not_Dual.ALLOUT0_ND.READ_REG_GEN[10].GPIO_DBus_i_reg was removed.  [/home/parallels/ultra96v2_0/ultra96v2_0.srcs/sources_1/bd/ultra96v2_0/ipshared/f71e/hdl/axi_gpio_v2_0_vh_rfs.vhd:384]
WARNING: [Synth 8-6014] Unused sequential element Not_Dual.ALLOUT0_ND.READ_REG_GEN[11].GPIO_DBus_i_reg was removed.  [/home/parallels/ultra96v2_0/ultra96v2_0.srcs/sources_1/bd/ultra96v2_0/ipshared/f71e/hdl/axi_gpio_v2_0_vh_rfs.vhd:384]
WARNING: [Synth 8-6014] Unused sequential element Not_Dual.ALLOUT0_ND.READ_REG_GEN[12].GPIO_DBus_i_reg was removed.  [/home/parallels/ultra96v2_0/ultra96v2_0.srcs/sources_1/bd/ultra96v2_0/ipshared/f71e/hdl/axi_gpio_v2_0_vh_rfs.vhd:384]
WARNING: [Synth 8-6014] Unused sequential element Not_Dual.ALLOUT0_ND.READ_REG_GEN[13].GPIO_DBus_i_reg was removed.  [/home/parallels/ultra96v2_0/ultra96v2_0.srcs/sources_1/bd/ultra96v2_0/ipshared/f71e/hdl/axi_gpio_v2_0_vh_rfs.vhd:384]
WARNING: [Synth 8-6014] Unused sequential element Not_Dual.ALLOUT0_ND.READ_REG_GEN[14].GPIO_DBus_i_reg was removed.  [/home/parallels/ultra96v2_0/ultra96v2_0.srcs/sources_1/bd/ultra96v2_0/ipshared/f71e/hdl/axi_gpio_v2_0_vh_rfs.vhd:384]
WARNING: [Synth 8-6014] Unused sequential element Not_Dual.ALLOUT0_ND.READ_REG_GEN[15].GPIO_DBus_i_reg was removed.  [/home/parallels/ultra96v2_0/ultra96v2_0.srcs/sources_1/bd/ultra96v2_0/ipshared/f71e/hdl/axi_gpio_v2_0_vh_rfs.vhd:384]
INFO: [Synth 8-256] done synthesizing module 'GPIO_Core' (6#1) [/home/parallels/ultra96v2_0/ultra96v2_0.srcs/sources_1/bd/ultra96v2_0/ipshared/f71e/hdl/axi_gpio_v2_0_vh_rfs.vhd:178]
INFO: [Synth 8-256] done synthesizing module 'axi_gpio' (7#1) [/home/parallels/ultra96v2_0/ultra96v2_0.srcs/sources_1/bd/ultra96v2_0/ipshared/f71e/hdl/axi_gpio_v2_0_vh_rfs.vhd:1351]
INFO: [Synth 8-256] done synthesizing module 'ultra96v2_0_axi_gpio_1_0' (8#1) [/home/parallels/ultra96v2_0/ultra96v2_0.srcs/sources_1/bd/ultra96v2_0/ip/ultra96v2_0_axi_gpio_1_0/synth/ultra96v2_0_axi_gpio_1_0.vhd:86]
WARNING: [Synth 8-3331] design cdc_sync has unconnected port prmry_aclk
WARNING: [Synth 8-3331] design cdc_sync has unconnected port prmry_resetn
WARNING: [Synth 8-3331] design cdc_sync has unconnected port prmry_in
WARNING: [Synth 8-3331] design cdc_sync has unconnected port scndry_resetn
WARNING: [Synth 8-3331] design GPIO_Core has unconnected port ABus_Reg[1]
WARNING: [Synth 8-3331] design GPIO_Core has unconnected port ABus_Reg[2]
WARNING: [Synth 8-3331] design GPIO_Core has unconnected port ABus_Reg[3]
WARNING: [Synth 8-3331] design GPIO_Core has unconnected port ABus_Reg[4]
WARNING: [Synth 8-3331] design GPIO_Core has unconnected port ABus_Reg[7]
WARNING: [Synth 8-3331] design GPIO_Core has unconnected port ABus_Reg[8]
WARNING: [Synth 8-3331] design GPIO_Core has unconnected port BE_Reg[0]
WARNING: [Synth 8-3331] design GPIO_Core has unconnected port BE_Reg[1]
WARNING: [Synth 8-3331] design GPIO_Core has unconnected port BE_Reg[2]
WARNING: [Synth 8-3331] design GPIO_Core has unconnected port BE_Reg[3]
WARNING: [Synth 8-3331] design GPIO_Core has unconnected port GPIO2_IO_I[0]
WARNING: [Synth 8-3331] design GPIO_Core has unconnected port GPIO2_IO_I[1]
WARNING: [Synth 8-3331] design GPIO_Core has unconnected port GPIO2_IO_I[2]
WARNING: [Synth 8-3331] design GPIO_Core has unconnected port GPIO2_IO_I[3]
WARNING: [Synth 8-3331] design GPIO_Core has unconnected port GPIO2_IO_I[4]
WARNING: [Synth 8-3331] design GPIO_Core has unconnected port GPIO2_IO_I[5]
WARNING: [Synth 8-3331] design GPIO_Core has unconnected port GPIO2_IO_I[6]
WARNING: [Synth 8-3331] design GPIO_Core has unconnected port GPIO2_IO_I[7]
WARNING: [Synth 8-3331] design GPIO_Core has unconnected port GPIO2_IO_I[8]
WARNING: [Synth 8-3331] design GPIO_Core has unconnected port GPIO2_IO_I[9]
WARNING: [Synth 8-3331] design GPIO_Core has unconnected port GPIO2_IO_I[10]
WARNING: [Synth 8-3331] design GPIO_Core has unconnected port GPIO2_IO_I[11]
WARNING: [Synth 8-3331] design GPIO_Core has unconnected port GPIO2_IO_I[12]
WARNING: [Synth 8-3331] design GPIO_Core has unconnected port GPIO2_IO_I[13]
WARNING: [Synth 8-3331] design GPIO_Core has unconnected port GPIO2_IO_I[14]
WARNING: [Synth 8-3331] design GPIO_Core has unconnected port GPIO2_IO_I[15]
WARNING: [Synth 8-3331] design GPIO_Core has unconnected port GPIO2_IO_I[16]
WARNING: [Synth 8-3331] design GPIO_Core has unconnected port GPIO2_IO_I[17]
WARNING: [Synth 8-3331] design GPIO_Core has unconnected port GPIO2_IO_I[18]
WARNING: [Synth 8-3331] design GPIO_Core has unconnected port GPIO2_IO_I[19]
WARNING: [Synth 8-3331] design GPIO_Core has unconnected port GPIO2_IO_I[20]
WARNING: [Synth 8-3331] design GPIO_Core has unconnected port GPIO2_IO_I[21]
WARNING: [Synth 8-3331] design GPIO_Core has unconnected port GPIO2_IO_I[22]
WARNING: [Synth 8-3331] design GPIO_Core has unconnected port GPIO2_IO_I[23]
WARNING: [Synth 8-3331] design GPIO_Core has unconnected port GPIO2_IO_I[24]
WARNING: [Synth 8-3331] design GPIO_Core has unconnected port GPIO2_IO_I[25]
WARNING: [Synth 8-3331] design GPIO_Core has unconnected port GPIO2_IO_I[26]
WARNING: [Synth 8-3331] design GPIO_Core has unconnected port GPIO2_IO_I[27]
WARNING: [Synth 8-3331] design GPIO_Core has unconnected port GPIO2_IO_I[28]
WARNING: [Synth 8-3331] design GPIO_Core has unconnected port GPIO2_IO_I[29]
WARNING: [Synth 8-3331] design GPIO_Core has unconnected port GPIO2_IO_I[30]
WARNING: [Synth 8-3331] design GPIO_Core has unconnected port GPIO2_IO_I[31]
WARNING: [Synth 8-3331] design address_decoder has unconnected port Address_In_Erly[0]
WARNING: [Synth 8-3331] design address_decoder has unconnected port Address_In_Erly[1]
WARNING: [Synth 8-3331] design address_decoder has unconnected port Address_In_Erly[2]
WARNING: [Synth 8-3331] design address_decoder has unconnected port Address_In_Erly[3]
WARNING: [Synth 8-3331] design address_decoder has unconnected port Address_In_Erly[4]
WARNING: [Synth 8-3331] design address_decoder has unconnected port Address_In_Erly[7]
WARNING: [Synth 8-3331] design address_decoder has unconnected port Address_In_Erly[8]
WARNING: [Synth 8-3331] design address_decoder has unconnected port Bus_RNW
WARNING: [Synth 8-3331] design slave_attachment has unconnected port S_AXI_WSTRB[3]
WARNING: [Synth 8-3331] design slave_attachment has unconnected port S_AXI_WSTRB[2]
WARNING: [Synth 8-3331] design slave_attachment has unconnected port S_AXI_WSTRB[1]
WARNING: [Synth 8-3331] design slave_attachment has unconnected port S_AXI_WSTRB[0]
---------------------------------------------------------------------------------
Finished RTL Elaboration : Time (s): cpu = 00:00:04 ; elapsed = 00:00:06 . Memory (MB): peak = 2467.387 ; gain = 54.809 ; free physical = 26003 ; free virtual = 30473
---------------------------------------------------------------------------------

Report Check Netlist: 
+------+------------------+-------+---------+-------+------------------+
|      |Item              |Errors |Warnings |Status |Description       |
+------+------------------+-------+---------+-------+------------------+
|1     |multi_driven_nets |      0|        0|Passed |Multi driven nets |
+------+------------------+-------+---------+-------+------------------+
---------------------------------------------------------------------------------
Start Handling Custom Attributes
---------------------------------------------------------------------------------
---------------------------------------------------------------------------------
Finished Handling Custom Attributes : Time (s): cpu = 00:00:05 ; elapsed = 00:00:06 . Memory (MB): peak = 2470.355 ; gain = 57.777 ; free physical = 25968 ; free virtual = 30438
---------------------------------------------------------------------------------
---------------------------------------------------------------------------------
Finished RTL Optimization Phase 1 : Time (s): cpu = 00:00:05 ; elapsed = 00:00:06 . Memory (MB): peak = 2470.355 ; gain = 57.777 ; free physical = 25968 ; free virtual = 30438
---------------------------------------------------------------------------------
Netlist sorting complete. Time (s): cpu = 00:00:00.01 ; elapsed = 00:00:00.01 . Memory (MB): peak = 2480.262 ; gain = 0.000 ; free physical = 25940 ; free virtual = 30409
INFO: [Netlist 29-17] Analyzing 96 Unisim elements for replacement
INFO: [Netlist 29-28] Unisim Transformation completed in 0 CPU seconds
INFO: [Project 1-570] Preparing netlist for logic optimization

Processing XDC Constraints
Initializing timing engine
Parsing XDC File [/home/parallels/ultra96v2_0/ultra96v2_0.srcs/sources_1/bd/ultra96v2_0/ip/ultra96v2_0_axi_gpio_1_0/ultra96v2_0_axi_gpio_1_0_ooc.xdc] for cell 'U0'
Finished Parsing XDC File [/home/parallels/ultra96v2_0/ultra96v2_0.srcs/sources_1/bd/ultra96v2_0/ip/ultra96v2_0_axi_gpio_1_0/ultra96v2_0_axi_gpio_1_0_ooc.xdc] for cell 'U0'
Parsing XDC File [/home/parallels/ultra96v2_0/ultra96v2_0.srcs/sources_1/bd/ultra96v2_0/ip/ultra96v2_0_axi_gpio_1_0/ultra96v2_0_axi_gpio_1_0_board.xdc] for cell 'U0'
Finished Parsing XDC File [/home/parallels/ultra96v2_0/ultra96v2_0.srcs/sources_1/bd/ultra96v2_0/ip/ultra96v2_0_axi_gpio_1_0/ultra96v2_0_axi_gpio_1_0_board.xdc] for cell 'U0'
Parsing XDC File [/home/parallels/ultra96v2_0/ultra96v2_0.srcs/sources_1/bd/ultra96v2_0/ip/ultra96v2_0_axi_gpio_1_0/ultra96v2_0_axi_gpio_1_0.xdc] for cell 'U0'
Finished Parsing XDC File [/home/parallels/ultra96v2_0/ultra96v2_0.srcs/sources_1/bd/ultra96v2_0/ip/ultra96v2_0_axi_gpio_1_0/ultra96v2_0_axi_gpio_1_0.xdc] for cell 'U0'
Parsing XDC File [/home/parallels/ultra96v2_0/ultra96v2_0.runs/ultra96v2_0_axi_gpio_1_0_synth_1/dont_touch.xdc]
Finished Parsing XDC File [/home/parallels/ultra96v2_0/ultra96v2_0.runs/ultra96v2_0_axi_gpio_1_0_synth_1/dont_touch.xdc]
Completed Processing XDC Constraints

Netlist sorting complete. Time (s): cpu = 00:00:00.01 ; elapsed = 00:00:00 . Memory (MB): peak = 2643.074 ; gain = 0.000 ; free physical = 24714 ; free virtual = 29184
INFO: [Project 1-111] Unisim Transformation Summary:
  A total of 96 instances were transformed.
  FDR => FDRE: 96 instances

Constraint Validation Runtime : Time (s): cpu = 00:00:00.04 ; elapsed = 00:00:00.04 . Memory (MB): peak = 2643.074 ; gain = 0.000 ; free physical = 24655 ; free virtual = 29125
---------------------------------------------------------------------------------
Finished Constraint Validation : Time (s): cpu = 00:00:14 ; elapsed = 00:00:19 . Memory (MB): peak = 2643.074 ; gain = 230.496 ; free physical = 24872 ; free virtual = 29347
---------------------------------------------------------------------------------
---------------------------------------------------------------------------------
Start Loading Part and Timing Information
---------------------------------------------------------------------------------
Loading part: xczu3eg-sbva484-1-e
INFO: [Synth 8-6742] Reading net delay rules and data
---------------------------------------------------------------------------------
Finished Loading Part and Timing Information : Time (s): cpu = 00:00:14 ; elapsed = 00:00:19 . Memory (MB): peak = 2643.074 ; gain = 230.496 ; free physical = 24872 ; free virtual = 29348
---------------------------------------------------------------------------------
---------------------------------------------------------------------------------
Start Applying 'set_property' XDC Constraints
---------------------------------------------------------------------------------
Applied set_property DONT_TOUCH = true for U0. (constraint file  /home/parallels/ultra96v2_0/ultra96v2_0.runs/ultra96v2_0_axi_gpio_1_0_synth_1/dont_touch.xdc, line 9).
---------------------------------------------------------------------------------
Finished applying 'set_property' XDC Constraints : Time (s): cpu = 00:00:14 ; elapsed = 00:00:19 . Memory (MB): peak = 2643.074 ; gain = 230.496 ; free physical = 24868 ; free virtual = 29344
---------------------------------------------------------------------------------
INFO: [Synth 8-802] inferred FSM for state register 'state_reg' in module 'slave_attachment'
---------------------------------------------------------------------------------------------------
                   State |                     New Encoding |                Previous Encoding 
---------------------------------------------------------------------------------------------------
                 iSTATE2 |                             0001 |                               00
                  iSTATE |                             0010 |                               01
                 iSTATE0 |                             0100 |                               10
                 iSTATE1 |                             1000 |                               11
---------------------------------------------------------------------------------------------------
INFO: [Synth 8-3354] encoded FSM with state register 'state_reg' using encoding 'one-hot' in module 'slave_attachment'
---------------------------------------------------------------------------------
Finished RTL Optimization Phase 2 : Time (s): cpu = 00:00:15 ; elapsed = 00:00:20 . Memory (MB): peak = 2643.074 ; gain = 230.496 ; free physical = 24866 ; free virtual = 29342
---------------------------------------------------------------------------------

Report RTL Partitions: 
+-+--------------+------------+----------+
| |RTL Partition |Replication |Instances |
+-+--------------+------------+----------+
+-+--------------+------------+----------+
---------------------------------------------------------------------------------
Start RTL Component Statistics 
---------------------------------------------------------------------------------
Detailed RTL Component Info : 
+---Adders : 
	   2 Input      4 Bit       Adders := 1     
+---Registers : 
	               32 Bit    Registers := 2     
	               16 Bit    Registers := 3     
	                9 Bit    Registers := 1     
	                4 Bit    Registers := 1     
	                2 Bit    Registers := 3     
	                1 Bit    Registers := 18    
+---Muxes : 
	   5 Input     32 Bit        Muxes := 1     
	   2 Input     32 Bit        Muxes := 1     
	   2 Input     16 Bit        Muxes := 2     
	   2 Input      9 Bit        Muxes := 1     
	   4 Input      4 Bit        Muxes := 1     
	   2 Input      4 Bit        Muxes := 5     
	   7 Input      2 Bit        Muxes := 1     
	   2 Input      2 Bit        Muxes := 2     
	   2 Input      1 Bit        Muxes := 43    
	   4 Input      1 Bit        Muxes := 3     
---------------------------------------------------------------------------------
Finished RTL Component Statistics 
---------------------------------------------------------------------------------
---------------------------------------------------------------------------------
Start RTL Hierarchical Component Statistics 
---------------------------------------------------------------------------------
Hierarchical RTL Component report 
Module pselect_f 
Detailed RTL Component Info : 
+---Muxes : 
	   2 Input      1 Bit        Muxes := 1     
Module pselect_f__parameterized0 
Detailed RTL Component Info : 
+---Muxes : 
	   2 Input      1 Bit        Muxes := 1     
Module pselect_f__parameterized1 
Detailed RTL Component Info : 
+---Muxes : 
	   2 Input      1 Bit        Muxes := 1     
Module pselect_f__parameterized2 
Detailed RTL Component Info : 
+---Muxes : 
	   2 Input      1 Bit        Muxes := 1     
Module address_decoder 
Detailed RTL Component Info : 
+---Registers : 
	                1 Bit    Registers := 6     
Module slave_attachment 
Detailed RTL Component Info : 
+---Adders : 
	   2 Input      4 Bit       Adders := 1     
+---Registers : 
	               32 Bit    Registers := 1     
	                9 Bit    Registers := 1     
	                4 Bit    Registers := 1     
	                2 Bit    Registers := 3     
	                1 Bit    Registers := 7     
+---Muxes : 
	   2 Input      9 Bit        Muxes := 1     
	   4 Input      4 Bit        Muxes := 1     
	   2 Input      4 Bit        Muxes := 5     
	   7 Input      2 Bit        Muxes := 1     
	   2 Input      2 Bit        Muxes := 2     
	   2 Input      1 Bit        Muxes := 4     
	   4 Input      1 Bit        Muxes := 3     
Module GPIO_Core 
Detailed RTL Component Info : 
+---Registers : 
	               16 Bit    Registers := 3     
	                1 Bit    Registers := 2     
+---Muxes : 
	   5 Input     32 Bit        Muxes := 1     
	   2 Input     16 Bit        Muxes := 2     
	   2 Input      1 Bit        Muxes := 35    
Module axi_gpio 
Detailed RTL Component Info : 
+---Registers : 
	               32 Bit    Registers := 1     
	                1 Bit    Registers := 3     
+---Muxes : 
	   2 Input     32 Bit        Muxes := 1     
---------------------------------------------------------------------------------
Finished RTL Hierarchical Component Statistics
---------------------------------------------------------------------------------
---------------------------------------------------------------------------------
Start Part Resource Summary
---------------------------------------------------------------------------------
Part Resources:
DSPs: 360 (col length:72)
BRAMs: 432 (col length: RAMB18 72 RAMB36 36)
---------------------------------------------------------------------------------
Finished Part Resource Summary
---------------------------------------------------------------------------------
---------------------------------------------------------------------------------
Start Cross Boundary and Area Optimization
---------------------------------------------------------------------------------
Warning: Parallel synthesis criteria is not met 
INFO: [Synth 8-4471] merging register 'bus2ip_reset_reg' into 'AXI_LITE_IPIF_I/I_SLAVE_ATTACHMENT/rst_reg' [/home/parallels/ultra96v2_0/ultra96v2_0.srcs/sources_1/bd/ultra96v2_0/ipshared/f71e/hdl/axi_gpio_v2_0_vh_rfs.vhd:1677]
WARNING: [Synth 8-3331] design axi_gpio has unconnected port s_axi_wstrb[3]
WARNING: [Synth 8-3331] design axi_gpio has unconnected port s_axi_wstrb[2]
WARNING: [Synth 8-3331] design axi_gpio has unconnected port s_axi_wstrb[1]
WARNING: [Synth 8-3331] design axi_gpio has unconnected port s_axi_wstrb[0]
WARNING: [Synth 8-3331] design axi_gpio has unconnected port gpio2_io_i[31]
WARNING: [Synth 8-3331] design axi_gpio has unconnected port gpio2_io_i[30]
WARNING: [Synth 8-3331] design axi_gpio has unconnected port gpio2_io_i[29]
WARNING: [Synth 8-3331] design axi_gpio has unconnected port gpio2_io_i[28]
WARNING: [Synth 8-3331] design axi_gpio has unconnected port gpio2_io_i[27]
WARNING: [Synth 8-3331] design axi_gpio has unconnected port gpio2_io_i[26]
WARNING: [Synth 8-3331] design axi_gpio has unconnected port gpio2_io_i[25]
WARNING: [Synth 8-3331] design axi_gpio has unconnected port gpio2_io_i[24]
WARNING: [Synth 8-3331] design axi_gpio has unconnected port gpio2_io_i[23]
WARNING: [Synth 8-3331] design axi_gpio has unconnected port gpio2_io_i[22]
WARNING: [Synth 8-3331] design axi_gpio has unconnected port gpio2_io_i[21]
WARNING: [Synth 8-3331] design axi_gpio has unconnected port gpio2_io_i[20]
WARNING: [Synth 8-3331] design axi_gpio has unconnected port gpio2_io_i[19]
WARNING: [Synth 8-3331] design axi_gpio has unconnected port gpio2_io_i[18]
WARNING: [Synth 8-3331] design axi_gpio has unconnected port gpio2_io_i[17]
WARNING: [Synth 8-3331] design axi_gpio has unconnected port gpio2_io_i[16]
WARNING: [Synth 8-3331] design axi_gpio has unconnected port gpio2_io_i[15]
WARNING: [Synth 8-3331] design axi_gpio has unconnected port gpio2_io_i[14]
WARNING: [Synth 8-3331] design axi_gpio has unconnected port gpio2_io_i[13]
WARNING: [Synth 8-3331] design axi_gpio has unconnected port gpio2_io_i[12]
WARNING: [Synth 8-3331] design axi_gpio has unconnected port gpio2_io_i[11]
WARNING: [Synth 8-3331] design axi_gpio has unconnected port gpio2_io_i[10]
WARNING: [Synth 8-3331] design axi_gpio has unconnected port gpio2_io_i[9]
WARNING: [Synth 8-3331] design axi_gpio has unconnected port gpio2_io_i[8]
WARNING: [Synth 8-3331] design axi_gpio has unconnected port gpio2_io_i[7]
WARNING: [Synth 8-3331] design axi_gpio has unconnected port gpio2_io_i[6]
WARNING: [Synth 8-3331] design axi_gpio has unconnected port gpio2_io_i[5]
WARNING: [Synth 8-3331] design axi_gpio has unconnected port gpio2_io_i[4]
WARNING: [Synth 8-3331] design axi_gpio has unconnected port gpio2_io_i[3]
WARNING: [Synth 8-3331] design axi_gpio has unconnected port gpio2_io_i[2]
WARNING: [Synth 8-3331] design axi_gpio has unconnected port gpio2_io_i[1]
WARNING: [Synth 8-3331] design axi_gpio has unconnected port gpio2_io_i[0]
INFO: [Synth 8-3886] merging instance 'U0/ip2bus_data_i_D1_reg[15]' (FDR) to 'U0/ip2bus_data_i_D1_reg[14]'
INFO: [Synth 8-3886] merging instance 'U0/ip2bus_data_i_D1_reg[14]' (FDR) to 'U0/ip2bus_data_i_D1_reg[13]'
INFO: [Synth 8-3886] merging instance 'U0/ip2bus_data_i_D1_reg[13]' (FDR) to 'U0/ip2bus_data_i_D1_reg[12]'
INFO: [Synth 8-3886] merging instance 'U0/ip2bus_data_i_D1_reg[12]' (FDR) to 'U0/ip2bus_data_i_D1_reg[11]'
INFO: [Synth 8-3886] merging instance 'U0/ip2bus_data_i_D1_reg[11]' (FDR) to 'U0/ip2bus_data_i_D1_reg[10]'
INFO: [Synth 8-3886] merging instance 'U0/ip2bus_data_i_D1_reg[10]' (FDR) to 'U0/ip2bus_data_i_D1_reg[9]'
INFO: [Synth 8-3886] merging instance 'U0/ip2bus_data_i_D1_reg[9]' (FDR) to 'U0/ip2bus_data_i_D1_reg[8]'
INFO: [Synth 8-3886] merging instance 'U0/ip2bus_data_i_D1_reg[8]' (FDR) to 'U0/ip2bus_data_i_D1_reg[7]'
INFO: [Synth 8-3886] merging instance 'U0/ip2bus_data_i_D1_reg[7]' (FDR) to 'U0/ip2bus_data_i_D1_reg[6]'
INFO: [Synth 8-3886] merging instance 'U0/ip2bus_data_i_D1_reg[6]' (FDR) to 'U0/ip2bus_data_i_D1_reg[5]'
INFO: [Synth 8-3886] merging instance 'U0/ip2bus_data_i_D1_reg[5]' (FDR) to 'U0/ip2bus_data_i_D1_reg[4]'
INFO: [Synth 8-3886] merging instance 'U0/ip2bus_data_i_D1_reg[4]' (FDR) to 'U0/ip2bus_data_i_D1_reg[3]'
INFO: [Synth 8-3886] merging instance 'U0/ip2bus_data_i_D1_reg[3]' (FDR) to 'U0/ip2bus_data_i_D1_reg[2]'
INFO: [Synth 8-3886] merging instance 'U0/ip2bus_data_i_D1_reg[2]' (FDR) to 'U0/ip2bus_data_i_D1_reg[1]'
INFO: [Synth 8-3886] merging instance 'U0/ip2bus_data_i_D1_reg[1]' (FDR) to 'U0/ip2bus_data_i_D1_reg[0]'
INFO: [Synth 8-3333] propagating constant 0 across sequential element (U0/\AXI_LITE_IPIF_I/I_SLAVE_ATTACHMENT/s_axi_rresp_i_reg[0] )
INFO: [Synth 8-3333] propagating constant 0 across sequential element (U0/\AXI_LITE_IPIF_I/I_SLAVE_ATTACHMENT/s_axi_rresp_i_reg[1] )
INFO: [Synth 8-3886] merging instance 'U0/AXI_LITE_IPIF_I/I_SLAVE_ATTACHMENT/s_axi_rdata_i_reg[16]' (FDRE) to 'U0/AXI_LITE_IPIF_I/I_SLAVE_ATTACHMENT/s_axi_rdata_i_reg[17]'
INFO: [Synth 8-3886] merging instance 'U0/AXI_LITE_IPIF_I/I_SLAVE_ATTACHMENT/s_axi_rdata_i_reg[17]' (FDRE) to 'U0/AXI_LITE_IPIF_I/I_SLAVE_ATTACHMENT/s_axi_rdata_i_reg[18]'
INFO: [Synth 8-3886] merging instance 'U0/AXI_LITE_IPIF_I/I_SLAVE_ATTACHMENT/s_axi_rdata_i_reg[18]' (FDRE) to 'U0/AXI_LITE_IPIF_I/I_SLAVE_ATTACHMENT/s_axi_rdata_i_reg[19]'
INFO: [Synth 8-3886] merging instance 'U0/AXI_LITE_IPIF_I/I_SLAVE_ATTACHMENT/s_axi_rdata_i_reg[19]' (FDRE) to 'U0/AXI_LITE_IPIF_I/I_SLAVE_ATTACHMENT/s_axi_rdata_i_reg[20]'
INFO: [Synth 8-3886] merging instance 'U0/AXI_LITE_IPIF_I/I_SLAVE_ATTACHMENT/s_axi_rdata_i_reg[20]' (FDRE) to 'U0/AXI_LITE_IPIF_I/I_SLAVE_ATTACHMENT/s_axi_rdata_i_reg[21]'
INFO: [Synth 8-3886] merging instance 'U0/AXI_LITE_IPIF_I/I_SLAVE_ATTACHMENT/s_axi_rdata_i_reg[21]' (FDRE) to 'U0/AXI_LITE_IPIF_I/I_SLAVE_ATTACHMENT/s_axi_rdata_i_reg[22]'
INFO: [Synth 8-3886] merging instance 'U0/AXI_LITE_IPIF_I/I_SLAVE_ATTACHMENT/s_axi_rdata_i_reg[22]' (FDRE) to 'U0/AXI_LITE_IPIF_I/I_SLAVE_ATTACHMENT/s_axi_rdata_i_reg[23]'
INFO: [Synth 8-3886] merging instance 'U0/AXI_LITE_IPIF_I/I_SLAVE_ATTACHMENT/s_axi_rdata_i_reg[23]' (FDRE) to 'U0/AXI_LITE_IPIF_I/I_SLAVE_ATTACHMENT/s_axi_rdata_i_reg[24]'
INFO: [Synth 8-3886] merging instance 'U0/AXI_LITE_IPIF_I/I_SLAVE_ATTACHMENT/s_axi_rdata_i_reg[24]' (FDRE) to 'U0/AXI_LITE_IPIF_I/I_SLAVE_ATTACHMENT/s_axi_rdata_i_reg[25]'
INFO: [Synth 8-3886] merging instance 'U0/AXI_LITE_IPIF_I/I_SLAVE_ATTACHMENT/s_axi_rdata_i_reg[25]' (FDRE) to 'U0/AXI_LITE_IPIF_I/I_SLAVE_ATTACHMENT/s_axi_rdata_i_reg[26]'
INFO: [Synth 8-3886] merging instance 'U0/AXI_LITE_IPIF_I/I_SLAVE_ATTACHMENT/s_axi_rdata_i_reg[26]' (FDRE) to 'U0/AXI_LITE_IPIF_I/I_SLAVE_ATTACHMENT/s_axi_rdata_i_reg[27]'
INFO: [Synth 8-3886] merging instance 'U0/AXI_LITE_IPIF_I/I_SLAVE_ATTACHMENT/s_axi_rdata_i_reg[27]' (FDRE) to 'U0/AXI_LITE_IPIF_I/I_SLAVE_ATTACHMENT/s_axi_rdata_i_reg[28]'
INFO: [Synth 8-3886] merging instance 'U0/AXI_LITE_IPIF_I/I_SLAVE_ATTACHMENT/s_axi_rdata_i_reg[28]' (FDRE) to 'U0/AXI_LITE_IPIF_I/I_SLAVE_ATTACHMENT/s_axi_rdata_i_reg[29]'
INFO: [Synth 8-3886] merging instance 'U0/AXI_LITE_IPIF_I/I_SLAVE_ATTACHMENT/s_axi_rdata_i_reg[29]' (FDRE) to 'U0/AXI_LITE_IPIF_I/I_SLAVE_ATTACHMENT/s_axi_rdata_i_reg[30]'
INFO: [Synth 8-3886] merging instance 'U0/AXI_LITE_IPIF_I/I_SLAVE_ATTACHMENT/s_axi_rdata_i_reg[30]' (FDRE) to 'U0/AXI_LITE_IPIF_I/I_SLAVE_ATTACHMENT/s_axi_rdata_i_reg[31]'
INFO: [Synth 8-3333] propagating constant 0 across sequential element (U0/\AXI_LITE_IPIF_I/I_SLAVE_ATTACHMENT/s_axi_bresp_i_reg[0] )
INFO: [Synth 8-3333] propagating constant 0 across sequential element (U0/\AXI_LITE_IPIF_I/I_SLAVE_ATTACHMENT/s_axi_bresp_i_reg[1] )
INFO: [Synth 8-3332] Sequential element (gpio_core_1/Not_Dual.INPUT_DOUBLE_REGS3/GENERATE_LEVEL_P_S_CDC.MULTI_BIT.FOR_CROSS_PLEVEL_IN2SCNDRY_bus_d5[0].CROSS2_PLEVEL_IN2SCNDRY_s_level_out_bus_d5) is unused and will be removed from module axi_gpio.
INFO: [Synth 8-3332] Sequential element (gpio_core_1/Not_Dual.INPUT_DOUBLE_REGS3/GENERATE_LEVEL_P_S_CDC.MULTI_BIT.FOR_CROSS_PLEVEL_IN2SCNDRY_bus_d5[1].CROSS2_PLEVEL_IN2SCNDRY_s_level_out_bus_d5) is unused and will be removed from module axi_gpio.
INFO: [Synth 8-3332] Sequential element (gpio_core_1/Not_Dual.INPUT_DOUBLE_REGS3/GENERATE_LEVEL_P_S_CDC.MULTI_BIT.FOR_CROSS_PLEVEL_IN2SCNDRY_bus_d5[2].CROSS2_PLEVEL_IN2SCNDRY_s_level_out_bus_d5) is unused and will be removed from module axi_gpio.
INFO: [Synth 8-3332] Sequential element (gpio_core_1/Not_Dual.INPUT_DOUBLE_REGS3/GENERATE_LEVEL_P_S_CDC.MULTI_BIT.FOR_CROSS_PLEVEL_IN2SCNDRY_bus_d5[3].CROSS2_PLEVEL_IN2SCNDRY_s_level_out_bus_d5) is unused and will be removed from module axi_gpio.
INFO: [Synth 8-3332] Sequential element (gpio_core_1/Not_Dual.INPUT_DOUBLE_REGS3/GENERATE_LEVEL_P_S_CDC.MULTI_BIT.FOR_CROSS_PLEVEL_IN2SCNDRY_bus_d5[4].CROSS2_PLEVEL_IN2SCNDRY_s_level_out_bus_d5) is unused and will be removed from module axi_gpio.
INFO: [Synth 8-3332] Sequential element (gpio_core_1/Not_Dual.INPUT_DOUBLE_REGS3/GENERATE_LEVEL_P_S_CDC.MULTI_BIT.FOR_CROSS_PLEVEL_IN2SCNDRY_bus_d5[5].CROSS2_PLEVEL_IN2SCNDRY_s_level_out_bus_d5) is unused and will be removed from module axi_gpio.
INFO: [Synth 8-3332] Sequential element (gpio_core_1/Not_Dual.INPUT_DOUBLE_REGS3/GENERATE_LEVEL_P_S_CDC.MULTI_BIT.FOR_CROSS_PLEVEL_IN2SCNDRY_bus_d5[6].CROSS2_PLEVEL_IN2SCNDRY_s_level_out_bus_d5) is unused and will be removed from module axi_gpio.
INFO: [Synth 8-3332] Sequential element (gpio_core_1/Not_Dual.INPUT_DOUBLE_REGS3/GENERATE_LEVEL_P_S_CDC.MULTI_BIT.FOR_CROSS_PLEVEL_IN2SCNDRY_bus_d5[7].CROSS2_PLEVEL_IN2SCNDRY_s_level_out_bus_d5) is unused and will be removed from module axi_gpio.
INFO: [Synth 8-3332] Sequential element (gpio_core_1/Not_Dual.INPUT_DOUBLE_REGS3/GENERATE_LEVEL_P_S_CDC.MULTI_BIT.FOR_CROSS_PLEVEL_IN2SCNDRY_bus_d5[8].CROSS2_PLEVEL_IN2SCNDRY_s_level_out_bus_d5) is unused and will be removed from module axi_gpio.
INFO: [Synth 8-3332] Sequential element (gpio_core_1/Not_Dual.INPUT_DOUBLE_REGS3/GENERATE_LEVEL_P_S_CDC.MULTI_BIT.FOR_CROSS_PLEVEL_IN2SCNDRY_bus_d5[9].CROSS2_PLEVEL_IN2SCNDRY_s_level_out_bus_d5) is unused and will be removed from module axi_gpio.
INFO: [Synth 8-3332] Sequential element (gpio_core_1/Not_Dual.INPUT_DOUBLE_REGS3/GENERATE_LEVEL_P_S_CDC.MULTI_BIT.FOR_CROSS_PLEVEL_IN2SCNDRY_bus_d5[10].CROSS2_PLEVEL_IN2SCNDRY_s_level_out_bus_d5) is unused and will be removed from module axi_gpio.
INFO: [Synth 8-3332] Sequential element (gpio_core_1/Not_Dual.INPUT_DOUBLE_REGS3/GENERATE_LEVEL_P_S_CDC.MULTI_BIT.FOR_CROSS_PLEVEL_IN2SCNDRY_bus_d5[11].CROSS2_PLEVEL_IN2SCNDRY_s_level_out_bus_d5) is unused and will be removed from module axi_gpio.
INFO: [Synth 8-3332] Sequential element (gpio_core_1/Not_Dual.INPUT_DOUBLE_REGS3/GENERATE_LEVEL_P_S_CDC.MULTI_BIT.FOR_CROSS_PLEVEL_IN2SCNDRY_bus_d5[12].CROSS2_PLEVEL_IN2SCNDRY_s_level_out_bus_d5) is unused and will be removed from module axi_gpio.
INFO: [Synth 8-3332] Sequential element (gpio_core_1/Not_Dual.INPUT_DOUBLE_REGS3/GENERATE_LEVEL_P_S_CDC.MULTI_BIT.FOR_CROSS_PLEVEL_IN2SCNDRY_bus_d5[13].CROSS2_PLEVEL_IN2SCNDRY_s_level_out_bus_d5) is unused and will be removed from module axi_gpio.
INFO: [Synth 8-3332] Sequential element (gpio_core_1/Not_Dual.INPUT_DOUBLE_REGS3/GENERATE_LEVEL_P_S_CDC.MULTI_BIT.FOR_CROSS_PLEVEL_IN2SCNDRY_bus_d5[14].CROSS2_PLEVEL_IN2SCNDRY_s_level_out_bus_d5) is unused and will be removed from module axi_gpio.
INFO: [Synth 8-3332] Sequential element (gpio_core_1/Not_Dual.INPUT_DOUBLE_REGS3/GENERATE_LEVEL_P_S_CDC.MULTI_BIT.FOR_CROSS_PLEVEL_IN2SCNDRY_bus_d5[15].CROSS2_PLEVEL_IN2SCNDRY_s_level_out_bus_d5) is unused and will be removed from module axi_gpio.
INFO: [Synth 8-3332] Sequential element (gpio_core_1/Not_Dual.INPUT_DOUBLE_REGS3/GENERATE_LEVEL_P_S_CDC.MULTI_BIT.FOR_CROSS_PLEVEL_IN2SCNDRY_bus_d6[0].CROSS2_PLEVEL_IN2SCNDRY_s_level_out_bus_d6) is unused and will be removed from module axi_gpio.
INFO: [Synth 8-3332] Sequential element (gpio_core_1/Not_Dual.INPUT_DOUBLE_REGS3/GENERATE_LEVEL_P_S_CDC.MULTI_BIT.FOR_CROSS_PLEVEL_IN2SCNDRY_bus_d6[1].CROSS2_PLEVEL_IN2SCNDRY_s_level_out_bus_d6) is unused and will be removed from module axi_gpio.
INFO: [Synth 8-3332] Sequential element (gpio_core_1/Not_Dual.INPUT_DOUBLE_REGS3/GENERATE_LEVEL_P_S_CDC.MULTI_BIT.FOR_CROSS_PLEVEL_IN2SCNDRY_bus_d6[2].CROSS2_PLEVEL_IN2SCNDRY_s_level_out_bus_d6) is unused and will be removed from module axi_gpio.
INFO: [Synth 8-3332] Sequential element (gpio_core_1/Not_Dual.INPUT_DOUBLE_REGS3/GENERATE_LEVEL_P_S_CDC.MULTI_BIT.FOR_CROSS_PLEVEL_IN2SCNDRY_bus_d6[3].CROSS2_PLEVEL_IN2SCNDRY_s_level_out_bus_d6) is unused and will be removed from module axi_gpio.
INFO: [Synth 8-3332] Sequential element (gpio_core_1/Not_Dual.INPUT_DOUBLE_REGS3/GENERATE_LEVEL_P_S_CDC.MULTI_BIT.FOR_CROSS_PLEVEL_IN2SCNDRY_bus_d6[4].CROSS2_PLEVEL_IN2SCNDRY_s_level_out_bus_d6) is unused and will be removed from module axi_gpio.
INFO: [Synth 8-3332] Sequential element (gpio_core_1/Not_Dual.INPUT_DOUBLE_REGS3/GENERATE_LEVEL_P_S_CDC.MULTI_BIT.FOR_CROSS_PLEVEL_IN2SCNDRY_bus_d6[5].CROSS2_PLEVEL_IN2SCNDRY_s_level_out_bus_d6) is unused and will be removed from module axi_gpio.
INFO: [Synth 8-3332] Sequential element (gpio_core_1/Not_Dual.INPUT_DOUBLE_REGS3/GENERATE_LEVEL_P_S_CDC.MULTI_BIT.FOR_CROSS_PLEVEL_IN2SCNDRY_bus_d6[6].CROSS2_PLEVEL_IN2SCNDRY_s_level_out_bus_d6) is unused and will be removed from module axi_gpio.
INFO: [Synth 8-3332] Sequential element (gpio_core_1/Not_Dual.INPUT_DOUBLE_REGS3/GENERATE_LEVEL_P_S_CDC.MULTI_BIT.FOR_CROSS_PLEVEL_IN2SCNDRY_bus_d6[7].CROSS2_PLEVEL_IN2SCNDRY_s_level_out_bus_d6) is unused and will be removed from module axi_gpio.
INFO: [Synth 8-3332] Sequential element (gpio_core_1/Not_Dual.INPUT_DOUBLE_REGS3/GENERATE_LEVEL_P_S_CDC.MULTI_BIT.FOR_CROSS_PLEVEL_IN2SCNDRY_bus_d6[8].CROSS2_PLEVEL_IN2SCNDRY_s_level_out_bus_d6) is unused and will be removed from module axi_gpio.
INFO: [Synth 8-3332] Sequential element (gpio_core_1/Not_Dual.INPUT_DOUBLE_REGS3/GENERATE_LEVEL_P_S_CDC.MULTI_BIT.FOR_CROSS_PLEVEL_IN2SCNDRY_bus_d6[9].CROSS2_PLEVEL_IN2SCNDRY_s_level_out_bus_d6) is unused and will be removed from module axi_gpio.
INFO: [Synth 8-3332] Sequential element (gpio_core_1/Not_Dual.INPUT_DOUBLE_REGS3/GENERATE_LEVEL_P_S_CDC.MULTI_BIT.FOR_CROSS_PLEVEL_IN2SCNDRY_bus_d6[10].CROSS2_PLEVEL_IN2SCNDRY_s_level_out_bus_d6) is unused and will be removed from module axi_gpio.
INFO: [Synth 8-3332] Sequential element (gpio_core_1/Not_Dual.INPUT_DOUBLE_REGS3/GENERATE_LEVEL_P_S_CDC.MULTI_BIT.FOR_CROSS_PLEVEL_IN2SCNDRY_bus_d6[11].CROSS2_PLEVEL_IN2SCNDRY_s_level_out_bus_d6) is unused and will be removed from module axi_gpio.
INFO: [Synth 8-3332] Sequential element (gpio_core_1/Not_Dual.INPUT_DOUBLE_REGS3/GENERATE_LEVEL_P_S_CDC.MULTI_BIT.FOR_CROSS_PLEVEL_IN2SCNDRY_bus_d6[12].CROSS2_PLEVEL_IN2SCNDRY_s_level_out_bus_d6) is unused and will be removed from module axi_gpio.
INFO: [Synth 8-3332] Sequential element (gpio_core_1/Not_Dual.INPUT_DOUBLE_REGS3/GENERATE_LEVEL_P_S_CDC.MULTI_BIT.FOR_CROSS_PLEVEL_IN2SCNDRY_bus_d6[13].CROSS2_PLEVEL_IN2SCNDRY_s_level_out_bus_d6) is unused and will be removed from module axi_gpio.
INFO: [Synth 8-3332] Sequential element (gpio_core_1/Not_Dual.INPUT_DOUBLE_REGS3/GENERATE_LEVEL_P_S_CDC.MULTI_BIT.FOR_CROSS_PLEVEL_IN2SCNDRY_bus_d6[14].CROSS2_PLEVEL_IN2SCNDRY_s_level_out_bus_d6) is unused and will be removed from module axi_gpio.
INFO: [Synth 8-3332] Sequential element (gpio_core_1/Not_Dual.INPUT_DOUBLE_REGS3/GENERATE_LEVEL_P_S_CDC.MULTI_BIT.FOR_CROSS_PLEVEL_IN2SCNDRY_bus_d6[15].CROSS2_PLEVEL_IN2SCNDRY_s_level_out_bus_d6) is unused and will be removed from module axi_gpio.
---------------------------------------------------------------------------------
Finished Cross Boundary and Area Optimization : Time (s): cpu = 00:00:15 ; elapsed = 00:00:21 . Memory (MB): peak = 2643.074 ; gain = 230.496 ; free physical = 24811 ; free virtual = 29291
---------------------------------------------------------------------------------

Report RTL Partitions: 
+-+--------------+------------+----------+
| |RTL Partition |Replication |Instances |
+-+--------------+------------+----------+
+-+--------------+------------+----------+
---------------------------------------------------------------------------------
Start Applying XDC Timing Constraints
---------------------------------------------------------------------------------
---------------------------------------------------------------------------------
Finished Applying XDC Timing Constraints : Time (s): cpu = 00:00:41 ; elapsed = 00:01:05 . Memory (MB): peak = 3090.863 ; gain = 678.285 ; free physical = 22835 ; free virtual = 27347
---------------------------------------------------------------------------------
---------------------------------------------------------------------------------
Start Timing Optimization
---------------------------------------------------------------------------------
---------------------------------------------------------------------------------
Finished Timing Optimization : Time (s): cpu = 00:00:41 ; elapsed = 00:01:05 . Memory (MB): peak = 3110.895 ; gain = 698.316 ; free physical = 22827 ; free virtual = 27339
---------------------------------------------------------------------------------

Report RTL Partitions: 
+-+--------------+------------+----------+
| |RTL Partition |Replication |Instances |
+-+--------------+------------+----------+
+-+--------------+------------+----------+
---------------------------------------------------------------------------------
Start Technology Mapping
---------------------------------------------------------------------------------
---------------------------------------------------------------------------------
Finished Technology Mapping : Time (s): cpu = 00:00:41 ; elapsed = 00:01:05 . Memory (MB): peak = 3118.902 ; gain = 706.324 ; free physical = 22821 ; free virtual = 27333
---------------------------------------------------------------------------------

Report RTL Partitions: 
+-+--------------+------------+----------+
| |RTL Partition |Replication |Instances |
+-+--------------+------------+----------+
+-+--------------+------------+----------+
---------------------------------------------------------------------------------
Start IO Insertion
---------------------------------------------------------------------------------
---------------------------------------------------------------------------------
Start Flattening Before IO Insertion
---------------------------------------------------------------------------------
---------------------------------------------------------------------------------
Finished Flattening Before IO Insertion
---------------------------------------------------------------------------------
---------------------------------------------------------------------------------
Start Final Netlist Cleanup
---------------------------------------------------------------------------------
---------------------------------------------------------------------------------
Finished Final Netlist Cleanup
---------------------------------------------------------------------------------
---------------------------------------------------------------------------------
Finished IO Insertion : Time (s): cpu = 00:00:44 ; elapsed = 00:01:08 . Memory (MB): peak = 3118.902 ; gain = 706.324 ; free physical = 22647 ; free virtual = 27159
---------------------------------------------------------------------------------
---------------------------------------------------------------------------------
Start Renaming Generated Instances
---------------------------------------------------------------------------------
---------------------------------------------------------------------------------
Finished Renaming Generated Instances : Time (s): cpu = 00:00:44 ; elapsed = 00:01:08 . Memory (MB): peak = 3118.902 ; gain = 706.324 ; free physical = 22647 ; free virtual = 27159
---------------------------------------------------------------------------------

Report RTL Partitions: 
+-+--------------+------------+----------+
| |RTL Partition |Replication |Instances |
+-+--------------+------------+----------+
+-+--------------+------------+----------+

Report Check Netlist: 
+------+------------------+-------+---------+-------+------------------+
|      |Item              |Errors |Warnings |Status |Description       |
+------+------------------+-------+---------+-------+------------------+
|1     |multi_driven_nets |      0|        0|Passed |Multi driven nets |
+------+------------------+-------+---------+-------+------------------+
---------------------------------------------------------------------------------
Start Rebuilding User Hierarchy
---------------------------------------------------------------------------------
---------------------------------------------------------------------------------
Finished Rebuilding User Hierarchy : Time (s): cpu = 00:00:44 ; elapsed = 00:01:08 . Memory (MB): peak = 3118.902 ; gain = 706.324 ; free physical = 22645 ; free virtual = 27157
---------------------------------------------------------------------------------
---------------------------------------------------------------------------------
Start Renaming Generated Ports
---------------------------------------------------------------------------------
---------------------------------------------------------------------------------
Finished Renaming Generated Ports : Time (s): cpu = 00:00:44 ; elapsed = 00:01:08 . Memory (MB): peak = 3118.902 ; gain = 706.324 ; free physical = 22645 ; free virtual = 27157
---------------------------------------------------------------------------------
---------------------------------------------------------------------------------
Start Handling Custom Attributes
---------------------------------------------------------------------------------
---------------------------------------------------------------------------------
Finished Handling Custom Attributes : Time (s): cpu = 00:00:44 ; elapsed = 00:01:08 . Memory (MB): peak = 3118.902 ; gain = 706.324 ; free physical = 22645 ; free virtual = 27157
---------------------------------------------------------------------------------
---------------------------------------------------------------------------------
Start Renaming Generated Nets
---------------------------------------------------------------------------------
---------------------------------------------------------------------------------
Finished Renaming Generated Nets : Time (s): cpu = 00:00:44 ; elapsed = 00:01:08 . Memory (MB): peak = 3118.902 ; gain = 706.324 ; free physical = 22645 ; free virtual = 27157
---------------------------------------------------------------------------------
---------------------------------------------------------------------------------
Start Writing Synthesis Report
---------------------------------------------------------------------------------

Report BlackBoxes: 
+-+--------------+----------+
| |BlackBox name |Instances |
+-+--------------+----------+
+-+--------------+----------+

Report Cell Usage: 
+------+-----+------+
|      |Cell |Count |
+------+-----+------+
|1     |LUT1 |     2|
|2     |LUT2 |    10|
|3     |LUT3 |     8|
|4     |LUT4 |    21|
|5     |LUT5 |    59|
|6     |LUT6 |     7|
|7     |FDR  |    64|
|8     |FDRE |   127|
|9     |FDSE |    17|
+------+-----+------+

Report Instance Areas: 
+------+------------------------------------+-----------------+------+
|      |Instance                            |Module           |Cells |
+------+------------------------------------+-----------------+------+
|1     |top                                 |                 |   315|
|2     |  U0                                |axi_gpio         |   315|
|3     |    AXI_LITE_IPIF_I                 |axi_lite_ipif    |   114|
|4     |      I_SLAVE_ATTACHMENT            |slave_attachment |   114|
|5     |        I_DECODER                   |address_decoder  |    53|
|6     |    gpio_core_1                     |GPIO_Core        |   182|
|7     |      \Not_Dual.INPUT_DOUBLE_REGS3  |cdc_sync         |    64|
+------+------------------------------------+-----------------+------+
---------------------------------------------------------------------------------
Finished Writing Synthesis Report : Time (s): cpu = 00:00:44 ; elapsed = 00:01:08 . Memory (MB): peak = 3118.902 ; gain = 706.324 ; free physical = 22645 ; free virtual = 27157
---------------------------------------------------------------------------------
Synthesis finished with 0 errors, 0 critical warnings and 36 warnings.
Synthesis Optimization Runtime : Time (s): cpu = 00:00:37 ; elapsed = 00:00:59 . Memory (MB): peak = 3118.902 ; gain = 533.605 ; free physical = 22680 ; free virtual = 27192
Synthesis Optimization Complete : Time (s): cpu = 00:00:44 ; elapsed = 00:01:08 . Memory (MB): peak = 3118.910 ; gain = 706.324 ; free physical = 22680 ; free virtual = 27192
INFO: [Project 1-571] Translating synthesized netlist
Netlist sorting complete. Time (s): cpu = 00:00:00.01 ; elapsed = 00:00:00.01 . Memory (MB): peak = 3118.910 ; gain = 0.000 ; free physical = 22678 ; free virtual = 27190
INFO: [Netlist 29-17] Analyzing 64 Unisim elements for replacement
INFO: [Netlist 29-28] Unisim Transformation completed in 2 CPU seconds
INFO: [Project 1-570] Preparing netlist for logic optimization
INFO: [Opt 31-138] Pushed 0 inverter(s) to 0 load pin(s).
Netlist sorting complete. Time (s): cpu = 00:00:00 ; elapsed = 00:00:00 . Memory (MB): peak = 3173.730 ; gain = 0.000 ; free physical = 22625 ; free virtual = 27137
INFO: [Project 1-111] Unisim Transformation Summary:
  A total of 64 instances were transformed.
  FDR => FDRE: 64 instances

INFO: [Common 17-83] Releasing license: Synthesis
204 Infos, 110 Warnings, 0 Critical Warnings and 0 Errors encountered.
synth_design completed successfully
synth_design: Time (s): cpu = 00:00:56 ; elapsed = 00:01:28 . Memory (MB): peak = 3173.730 ; gain = 1579.586 ; free physical = 22750 ; free virtual = 27262
Netlist sorting complete. Time (s): cpu = 00:00:00 ; elapsed = 00:00:00 . Memory (MB): peak = 3173.730 ; gain = 0.000 ; free physical = 22750 ; free virtual = 27262
WARNING: [Constraints 18-5210] No constraints selected for write.
Resolution: This message can indicate that there are no constraints for the design, or it can indicate that the used_in flags are set such that the constraints are ignored. This later case is used when running synth_design to not write synthesis constraints to the resulting checkpoint. Instead, project constraints are read when the synthesized design is opened.
INFO: [Common 17-1381] The checkpoint '/home/parallels/ultra96v2_0/ultra96v2_0.runs/ultra96v2_0_axi_gpio_1_0_synth_1/ultra96v2_0_axi_gpio_1_0.dcp' has been generated.
WARNING: [Common 17-576] 'use_project_ipc' is deprecated. This option is deprecated and no longer used.
INFO: [Coretcl 2-1648] Added synthesis output to IP cache for IP ultra96v2_0_axi_gpio_1_0, cache-ID = 23bef8d69070990e
INFO: [Coretcl 2-1174] Renamed 6 cell refs.
Netlist sorting complete. Time (s): cpu = 00:00:00 ; elapsed = 00:00:00 . Memory (MB): peak = 3197.742 ; gain = 0.000 ; free physical = 22692 ; free virtual = 27204
WARNING: [Constraints 18-5210] No constraints selected for write.
Resolution: This message can indicate that there are no constraints for the design, or it can indicate that the used_in flags are set such that the constraints are ignored. This later case is used when running synth_design to not write synthesis constraints to the resulting checkpoint. Instead, project constraints are read when the synthesized design is opened.
INFO: [Common 17-1381] The checkpoint '/home/parallels/ultra96v2_0/ultra96v2_0.runs/ultra96v2_0_axi_gpio_1_0_synth_1/ultra96v2_0_axi_gpio_1_0.dcp' has been generated.
INFO: [runtcl-4] Executing : report_utilization -file ultra96v2_0_axi_gpio_1_0_utilization_synth.rpt -pb ultra96v2_0_axi_gpio_1_0_utilization_synth.pb
INFO: [Common 17-206] Exiting Vivado at Fri Feb  7 20:03:05 2020...
